Dump of RCB
  Directories:
    Available Compounds:   .
    Functional Groups:     .
    Reaction KB:           .
    Paths:                 .
    Status:                .
    Submission:            .
    Template:              .
    Trace:                 .
    Force Selection:       .
    Search Space Cover:    .
  User name:      kka
  Target name:    LSD-25
  Target sling:   CH-1C=O-1NCC-2CC-4CH-1=CCH-1NC-1C/0-3CCC<CNH-1C=/18-1H-3<C<C<C<C</19-1/11
  Comment:        This synthesis is not really there - it's a hallucination!

  Date of run:    Wed Sep 13 09:57:04 2006
  Max cycles:      1000       Max runtime:      120 minutes
  Restart:        disabled   Background:       disabled
  Tracing level:  1
  Effort Dist:    enabled       NTCL:           5
  Run type:  Sequential

Dump of Run Status
  Cycles completed:             1000
  Cycles to first solution:     19
  Time to first solution:       0.000000 seconds
  Unique compounds generated:   8778
  Total compounds generated:    25529
  Total subgoals generated:     19677

  Status file was saved
  Trace file was saved

  Cummulative times:
    Initialization:          0.3178
    Select next:             4.5574
    Expansion:             188.7561
    Update:                  0.6343
    Cycle time:            193.9701

    Communication:           0.0000
    Wait:                    0.0000
    Tuple wait:              0.0000

  Exit Condition:  Maximum cycles exceeded.

