Dump of RCB
  Directories:
    Available Compounds:   /home/synchem/new/data/avlcomp
    Functional Groups:     /home/synchem/new/data/fg
    Reaction KB:           /home/synchem/new/data/rxnlib
    Paths:                 /home/synchem/new/data/pfile
    Status:                /home/synchem/new/data/status
    Submission:            /home/synchem/new/data/submit
    Template:              /home/synchem/new/data/template
    Trace:                 /home/synchem/new/data/trace
    Force Selection:       /home/synchem/new/data/select
    Search Space Cover:    /home/synchem/new/data/cover
  User name:      synchem
  Target name:    acetone
  Target sling:   CC=O-1C
  Comment:        
  Date of run:    Mon Feb 18 18:51:41 2002
  Max cycles:         1       Max runtime:      120 minutes
  Restart:        disabled   Background:       disabled
  Tracing level:  1
  Effort Dist:    enabled       NTCL:           25
  Run type:  Sequential
End cycle #1

Dump of Run Status
  Cycles completed:             1
  Cycles to first solution:     1
  Time to first solution:       0.000000 seconds
  Unique compounds generated:   22
  Total compounds generated:    26
  Total subgoals generated:     20

  Status file was saved
  Trace file was saved

  Cummulative times:
    Initialization:          0.0635
    Select next:             0.0002
    Expansion:               0.1095
    Update:                  0.0001
    Cycle time:              0.1098

    Communication:           0.0000
    Wait:                    0.0000
    Tuple wait:              0.0000

  Exit Condition:  Maximum cycles exceeded.

