Dump of RCB
  Directories:
    Available Compounds:   /home/synchem/new/data/avlcomp
    Functional Groups:     /home/synchem/new/data/fg
    Reaction KB:           /home/synchem/new/data/rxnlib
    Paths:                 /home/synchem/new/data/pfile
    Status:                /home/synchem/new/data/status
    Submission:            /home/synchem/new/data/submit
    Template:              /home/synchem/new/data/template
    Trace:                 /home/synchem/new/data/trace
    Force Selection:       /home/synchem/new/data/select
    Search Space Cover:    /home/synchem/new/data/cover
  User name:      synchem
  Target name:    azaestroneME-5K
  Target sling:   CC=O-1NH-1CCCCCC<C<COC-2<C<C<C</10-1CCC/0/6~H-2C-4H-1/7~H
  Comment:        test of circularity flagging

  Date of run:    Thu Jul 11 16:52:55 2002
  Max cycles:      5000       Max runtime:     1200 minutes
  Restart:        disabled   Background:       disabled
  Tracing level:  1
  Effort Dist:    enabled       NTCL:           25
  Run type:  Sequential
End cycle #1
End cycle #2
End cycle #3
End cycle #4
End cycle #5
End cycle #6
End cycle #7
End cycle #8
End cycle #9
End cycle #10
End cycle #11
End cycle #12
End cycle #13
End cycle #14
End cycle #15
End cycle #16
End cycle #17
End cycle #18
End cycle #19
End cycle #20
End cycle #21
End cycle #22
End cycle #23
End cycle #24
End cycle #25
End cycle #26
End cycle #27
End cycle #28
End cycle #29
End cycle #30
End cycle #31
End cycle #32
End cycle #33
End cycle #34
End cycle #35
End cycle #36
End cycle #37
End cycle #38
End cycle #39
End cycle #40
End cycle #41
End cycle #42
End cycle #43
End cycle #44
End cycle #45
End cycle #46
End cycle #47
End cycle #48
End cycle #49
End cycle #50
End cycle #51
End cycle #52
End cycle #53
End cycle #54
End cycle #55
End cycle #56
End cycle #57
End cycle #58
End cycle #59
End cycle #60
End cycle #61
End cycle #62
End cycle #63
End cycle #64
End cycle #65
End cycle #66
End cycle #67
End cycle #68
End cycle #69
End cycle #70
End cycle #71
End cycle #72
End cycle #73
End cycle #74
End cycle #75
End cycle #76
End cycle #77
End cycle #78
End cycle #79
End cycle #80
End cycle #81
End cycle #82
End cycle #83
End cycle #84
End cycle #85
End cycle #86
End cycle #87
End cycle #88
End cycle #89
End cycle #90
End cycle #91
End cycle #92
End cycle #93
End cycle #94
End cycle #95
End cycle #96
End cycle #97
End cycle #98
End cycle #99
End cycle #100
End cycle #101
End cycle #102
End cycle #103
End cycle #104
End cycle #105
End cycle #106
End cycle #107
End cycle #108
End cycle #109
End cycle #110
End cycle #111
End cycle #112
End cycle #113
End cycle #114
End cycle #115
End cycle #116
End cycle #117
End cycle #118
End cycle #119
End cycle #120
End cycle #121
End cycle #122
End cycle #123
End cycle #124
End cycle #125
End cycle #126
End cycle #127
End cycle #128
End cycle #129
End cycle #130
End cycle #131
End cycle #132
End cycle #133
End cycle #134
End cycle #135
End cycle #136
End cycle #137
End cycle #138
End cycle #139
End cycle #140
End cycle #141
End cycle #142
End cycle #143
End cycle #144
End cycle #145
End cycle #146
End cycle #147
End cycle #148
End cycle #149
End cycle #150
End cycle #151
End cycle #152
End cycle #153
End cycle #154
End cycle #155
End cycle #156
End cycle #157
End cycle #158
End cycle #159
End cycle #160
End cycle #161
End cycle #162
End cycle #163
End cycle #164
End cycle #165
End cycle #166
End cycle #167
End cycle #168
End cycle #169
End cycle #170
End cycle #171
End cycle #172
End cycle #173
End cycle #174
End cycle #175
End cycle #176
End cycle #177
End cycle #178
End cycle #179
End cycle #180
End cycle #181
End cycle #182
End cycle #183
End cycle #184
End cycle #185
End cycle #186
End cycle #187
End cycle #188
End cycle #189
End cycle #190
End cycle #191
End cycle #192
End cycle #193
End cycle #194
End cycle #195
End cycle #196
End cycle #197
End cycle #198
End cycle #199
End cycle #200
End cycle #201
End cycle #202
End cycle #203
End cycle #204
End cycle #205
End cycle #206
End cycle #207
End cycle #208
End cycle #209
End cycle #210
End cycle #211
End cycle #212
End cycle #213
End cycle #214
End cycle #215
End cycle #216
End cycle #217
End cycle #218
End cycle #219
End cycle #220
End cycle #221
End cycle #222
End cycle #223
End cycle #224
End cycle #225
End cycle #226
End cycle #227
End cycle #228
End cycle #229
End cycle #230
End cycle #231
End cycle #232
End cycle #233
End cycle #234
End cycle #235
End cycle #236
End cycle #237
End cycle #238
End cycle #239
End cycle #240
End cycle #241
End cycle #242
End cycle #243
End cycle #244
End cycle #245
End cycle #246
End cycle #247
End cycle #248
End cycle #249
End cycle #250
End cycle #251
End cycle #252
End cycle #253
End cycle #254
End cycle #255
End cycle #256
End cycle #257
End cycle #258
End cycle #259
End cycle #260
End cycle #261
End cycle #262
End cycle #263
End cycle #264
End cycle #265
End cycle #266
End cycle #267
End cycle #268
End cycle #269
End cycle #270
End cycle #271
End cycle #272
End cycle #273
End cycle #274
End cycle #275
End cycle #276
End cycle #277
End cycle #278
End cycle #279
End cycle #280
End cycle #281
End cycle #282
End cycle #283
End cycle #284
End cycle #285
End cycle #286
End cycle #287
End cycle #288
End cycle #289
End cycle #290
End cycle #291
End cycle #292
End cycle #293
End cycle #294
End cycle #295
End cycle #296
End cycle #297
End cycle #298
End cycle #299
End cycle #300
End cycle #301
End cycle #302
End cycle #303
End cycle #304
End cycle #305
End cycle #306
End cycle #307
End cycle #308
End cycle #309
End cycle #310
End cycle #311
End cycle #312
End cycle #313
End cycle #314
End cycle #315
End cycle #316
End cycle #317
End cycle #318
End cycle #319
End cycle #320
End cycle #321
End cycle #322
End cycle #323
End cycle #324
End cycle #325
End cycle #326
End cycle #327
End cycle #328
End cycle #329
End cycle #330
End cycle #331
End cycle #332
End cycle #333
End cycle #334
End cycle #335
End cycle #336
End cycle #337
End cycle #338
End cycle #339
End cycle #340
End cycle #341
End cycle #342
End cycle #343
End cycle #344
End cycle #345
End cycle #346
End cycle #347
End cycle #348
End cycle #349
End cycle #350
End cycle #351
End cycle #352
End cycle #353
End cycle #354
End cycle #355
End cycle #356
End cycle #357
End cycle #358
End cycle #359
End cycle #360
End cycle #361
End cycle #362
End cycle #363
End cycle #364
End cycle #365
End cycle #366
End cycle #367
End cycle #368
End cycle #369
End cycle #370
End cycle #371
End cycle #372
End cycle #373
End cycle #374
End cycle #375
End cycle #376
End cycle #377
End cycle #378
End cycle #379
End cycle #380
End cycle #381
End cycle #382
End cycle #383
End cycle #384
End cycle #385
End cycle #386
End cycle #387
End cycle #388
End cycle #389
End cycle #390
End cycle #391
End cycle #392
End cycle #393
End cycle #394
End cycle #395
End cycle #396
End cycle #397
End cycle #398
End cycle #399
End cycle #400
End cycle #401
End cycle #402
End cycle #403
End cycle #404
End cycle #405
End cycle #406
End cycle #407
End cycle #408
End cycle #409
End cycle #410
End cycle #411
End cycle #412
End cycle #413
End cycle #414
End cycle #415
End cycle #416
End cycle #417
End cycle #418
End cycle #419
End cycle #420
End cycle #421
End cycle #422
End cycle #423
End cycle #424
End cycle #425
End cycle #426
End cycle #427
End cycle #428
End cycle #429
End cycle #430
End cycle #431
End cycle #432
End cycle #433
End cycle #434
End cycle #435
End cycle #436
End cycle #437
End cycle #438
End cycle #439
End cycle #440
End cycle #441
End cycle #442
End cycle #443
End cycle #444
End cycle #445
End cycle #446
End cycle #447
End cycle #448
End cycle #449
End cycle #450
End cycle #451
End cycle #452
End cycle #453
End cycle #454
End cycle #455
End cycle #456
End cycle #457
End cycle #458
End cycle #459
End cycle #460
End cycle #461
End cycle #462
End cycle #463
End cycle #464
End cycle #465
End cycle #466
End cycle #467
End cycle #468
End cycle #469
End cycle #470
End cycle #471
End cycle #472
End cycle #473
End cycle #474
End cycle #475
End cycle #476
End cycle #477
End cycle #478
End cycle #479
End cycle #480
End cycle #481
End cycle #482
End cycle #483
End cycle #484
End cycle #485
End cycle #486
End cycle #487
End cycle #488
End cycle #489
End cycle #490
End cycle #491
End cycle #492
End cycle #493
End cycle #494
End cycle #495
End cycle #496
End cycle #497
End cycle #498
End cycle #499
End cycle #500
End cycle #501
End cycle #502
End cycle #503
End cycle #504
End cycle #505
End cycle #506
End cycle #507
End cycle #508
End cycle #509
End cycle #510
End cycle #511
End cycle #512
End cycle #513
End cycle #514
End cycle #515
End cycle #516
End cycle #517
End cycle #518
End cycle #519
End cycle #520
End cycle #521
End cycle #522
End cycle #523
End cycle #524
End cycle #525
End cycle #526
End cycle #527
End cycle #528
End cycle #529
End cycle #530
End cycle #531
End cycle #532
End cycle #533
End cycle #534
End cycle #535
End cycle #536
End cycle #537
End cycle #538
End cycle #539
End cycle #540
End cycle #541
End cycle #542
End cycle #543
End cycle #544
End cycle #545
End cycle #546
End cycle #547
End cycle #548
End cycle #549
End cycle #550
End cycle #551
End cycle #552
End cycle #553
End cycle #554
End cycle #555
End cycle #556
End cycle #557
End cycle #558
End cycle #559
End cycle #560
End cycle #561
End cycle #562
End cycle #563
End cycle #564
End cycle #565
End cycle #566
End cycle #567
End cycle #568
End cycle #569
End cycle #570
End cycle #571
End cycle #572
End cycle #573
End cycle #574
End cycle #575
End cycle #576
End cycle #577
End cycle #578
End cycle #579
End cycle #580
End cycle #581
End cycle #582
End cycle #583
End cycle #584
End cycle #585
End cycle #586
End cycle #587
End cycle #588
End cycle #589
End cycle #590
End cycle #591
End cycle #592
End cycle #593
End cycle #594
End cycle #595
End cycle #596
End cycle #597
End cycle #598
End cycle #599
End cycle #600
End cycle #601
End cycle #602
End cycle #603
End cycle #604
End cycle #605
End cycle #606
End cycle #607
End cycle #608
End cycle #609
End cycle #610
End cycle #611
End cycle #612
End cycle #613
End cycle #614
End cycle #615
End cycle #616
End cycle #617
End cycle #618
End cycle #619
End cycle #620
End cycle #621
End cycle #622
End cycle #623
End cycle #624
End cycle #625
End cycle #626
End cycle #627
End cycle #628
End cycle #629
End cycle #630
End cycle #631
End cycle #632
End cycle #633
End cycle #634
End cycle #635
End cycle #636
End cycle #637
End cycle #638
End cycle #639
End cycle #640
End cycle #641
End cycle #642
End cycle #643
End cycle #644
End cycle #645
End cycle #646
End cycle #647
End cycle #648
End cycle #649
End cycle #650
End cycle #651
End cycle #652
End cycle #653
End cycle #654
End cycle #655
End cycle #656
End cycle #657
End cycle #658
End cycle #659
End cycle #660
End cycle #661
End cycle #662
End cycle #663
End cycle #664
End cycle #665
End cycle #666
End cycle #667
End cycle #668
End cycle #669
End cycle #670
End cycle #671
End cycle #672
End cycle #673
End cycle #674
End cycle #675
End cycle #676
End cycle #677
End cycle #678
End cycle #679
End cycle #680
End cycle #681
End cycle #682
End cycle #683
End cycle #684
End cycle #685
End cycle #686
End cycle #687
End cycle #688
End cycle #689
End cycle #690
End cycle #691
End cycle #692
End cycle #693
End cycle #694
End cycle #695
End cycle #696
End cycle #697
End cycle #698
End cycle #699
End cycle #700
End cycle #701
End cycle #702
End cycle #703
End cycle #704
End cycle #705
End cycle #706
End cycle #707
End cycle #708
End cycle #709
End cycle #710
End cycle #711
End cycle #712
End cycle #713
End cycle #714
End cycle #715
End cycle #716
End cycle #717
End cycle #718
End cycle #719
End cycle #720
End cycle #721
End cycle #722
End cycle #723
End cycle #724
End cycle #725
End cycle #726
End cycle #727
End cycle #728
End cycle #729
End cycle #730
End cycle #731
End cycle #732
End cycle #733
End cycle #734
End cycle #735
End cycle #736
End cycle #737
End cycle #738
End cycle #739
End cycle #740
End cycle #741
End cycle #742
End cycle #743
End cycle #744
End cycle #745
End cycle #746
End cycle #747
End cycle #748
End cycle #749
End cycle #750
End cycle #751
End cycle #752
End cycle #753
End cycle #754
End cycle #755
End cycle #756
End cycle #757
End cycle #758
End cycle #759
End cycle #760
End cycle #761
End cycle #762
End cycle #763
End cycle #764
End cycle #765
End cycle #766
End cycle #767
End cycle #768
End cycle #769
End cycle #770
End cycle #771
End cycle #772
End cycle #773
End cycle #774
End cycle #775
End cycle #776
End cycle #777
End cycle #778
End cycle #779
End cycle #780
End cycle #781
End cycle #782
End cycle #783
End cycle #784
End cycle #785
End cycle #786
End cycle #787
End cycle #788
End cycle #789
End cycle #790
End cycle #791
End cycle #792
End cycle #793
End cycle #794
End cycle #795
End cycle #796
End cycle #797
End cycle #798
End cycle #799
End cycle #800
End cycle #801
End cycle #802
End cycle #803
End cycle #804
End cycle #805
End cycle #806
End cycle #807
End cycle #808
End cycle #809
End cycle #810
End cycle #811
End cycle #812
End cycle #813
End cycle #814
End cycle #815
End cycle #816
End cycle #817
End cycle #818
End cycle #819
End cycle #820
End cycle #821
End cycle #822
End cycle #823
End cycle #824
End cycle #825
End cycle #826
End cycle #827
End cycle #828
End cycle #829
End cycle #830
End cycle #831
End cycle #832
End cycle #833
End cycle #834
End cycle #835
End cycle #836
End cycle #837
End cycle #838
End cycle #839
End cycle #840
End cycle #841
End cycle #842
End cycle #843
End cycle #844
End cycle #845
End cycle #846
End cycle #847
End cycle #848
End cycle #849
End cycle #850
End cycle #851
End cycle #852
End cycle #853
End cycle #854
End cycle #855
End cycle #856
End cycle #857
End cycle #858
End cycle #859
End cycle #860
End cycle #861
End cycle #862
End cycle #863
End cycle #864
End cycle #865
End cycle #866
End cycle #867
End cycle #868
End cycle #869
End cycle #870
End cycle #871
End cycle #872
End cycle #873
End cycle #874
End cycle #875
End cycle #876
End cycle #877
End cycle #878
End cycle #879
End cycle #880
End cycle #881
End cycle #882
End cycle #883
End cycle #884
End cycle #885
End cycle #886
End cycle #887
End cycle #888
End cycle #889
End cycle #890
End cycle #891
End cycle #892
End cycle #893
End cycle #894
End cycle #895
End cycle #896
End cycle #897
End cycle #898
End cycle #899
End cycle #900
End cycle #901
End cycle #902
End cycle #903
End cycle #904
End cycle #905
End cycle #906
End cycle #907
End cycle #908
End cycle #909
End cycle #910
End cycle #911
End cycle #912
End cycle #913
End cycle #914
End cycle #915
End cycle #916
End cycle #917
End cycle #918
End cycle #919
End cycle #920
End cycle #921
End cycle #922
End cycle #923
End cycle #924
End cycle #925
End cycle #926
End cycle #927
End cycle #928
End cycle #929
End cycle #930
End cycle #931
End cycle #932
End cycle #933
End cycle #934
End cycle #935
End cycle #936
End cycle #937
End cycle #938
End cycle #939
End cycle #940
End cycle #941
End cycle #942
End cycle #943
End cycle #944
End cycle #945
End cycle #946
End cycle #947
End cycle #948
End cycle #949
End cycle #950
End cycle #951
End cycle #952
End cycle #953
End cycle #954
End cycle #955
End cycle #956
End cycle #957
End cycle #958
End cycle #959
End cycle #960
End cycle #961
End cycle #962
End cycle #963
End cycle #964
End cycle #965
End cycle #966
End cycle #967
End cycle #968
End cycle #969
End cycle #970
End cycle #971
End cycle #972
End cycle #973
End cycle #974
End cycle #975
End cycle #976
End cycle #977
End cycle #978
End cycle #979
End cycle #980
End cycle #981
End cycle #982
End cycle #983
End cycle #984
End cycle #985
End cycle #986
End cycle #987
End cycle #988
End cycle #989
End cycle #990
End cycle #991
End cycle #992
End cycle #993
End cycle #994
End cycle #995
End cycle #996
End cycle #997
End cycle #998
End cycle #999
End cycle #1000
End cycle #1001
End cycle #1002
End cycle #1003
End cycle #1004
End cycle #1005
End cycle #1006
End cycle #1007
End cycle #1008
End cycle #1009
End cycle #1010
End cycle #1011
End cycle #1012
End cycle #1013
End cycle #1014
End cycle #1015
End cycle #1016
End cycle #1017
End cycle #1018
End cycle #1019
End cycle #1020
End cycle #1021
End cycle #1022
End cycle #1023
End cycle #1024
End cycle #1025
End cycle #1026
End cycle #1027
End cycle #1028
End cycle #1029
End cycle #1030
End cycle #1031
End cycle #1032
End cycle #1033
End cycle #1034
End cycle #1035
End cycle #1036
End cycle #1037
End cycle #1038
End cycle #1039
End cycle #1040
End cycle #1041
End cycle #1042
End cycle #1043
End cycle #1044
End cycle #1045
End cycle #1046
End cycle #1047
End cycle #1048
End cycle #1049
End cycle #1050
End cycle #1051
End cycle #1052
End cycle #1053
End cycle #1054
End cycle #1055
End cycle #1056
End cycle #1057
End cycle #1058
End cycle #1059
End cycle #1060
End cycle #1061
End cycle #1062
End cycle #1063
End cycle #1064
End cycle #1065
End cycle #1066
End cycle #1067
End cycle #1068
End cycle #1069
End cycle #1070
End cycle #1071
End cycle #1072
End cycle #1073
End cycle #1074
End cycle #1075
End cycle #1076
End cycle #1077
End cycle #1078
End cycle #1079
End cycle #1080
End cycle #1081
End cycle #1082
End cycle #1083
End cycle #1084
End cycle #1085
End cycle #1086
End cycle #1087
End cycle #1088
End cycle #1089
End cycle #1090
End cycle #1091
End cycle #1092
End cycle #1093
End cycle #1094
End cycle #1095
End cycle #1096
End cycle #1097
End cycle #1098
End cycle #1099
End cycle #1100
End cycle #1101
End cycle #1102
End cycle #1103
End cycle #1104
End cycle #1105
End cycle #1106
End cycle #1107
End cycle #1108
End cycle #1109
End cycle #1110
End cycle #1111
End cycle #1112
End cycle #1113
End cycle #1114
End cycle #1115
End cycle #1116
End cycle #1117
End cycle #1118
End cycle #1119
End cycle #1120
End cycle #1121
End cycle #1122
End cycle #1123
End cycle #1124
End cycle #1125
End cycle #1126
End cycle #1127
End cycle #1128
End cycle #1129
End cycle #1130
End cycle #1131
End cycle #1132
End cycle #1133
End cycle #1134
End cycle #1135
End cycle #1136
End cycle #1137
End cycle #1138
End cycle #1139
End cycle #1140
End cycle #1141
End cycle #1142
End cycle #1143
End cycle #1144
End cycle #1145
End cycle #1146
End cycle #1147
End cycle #1148
End cycle #1149
End cycle #1150
End cycle #1151
End cycle #1152
End cycle #1153
End cycle #1154
End cycle #1155
End cycle #1156
End cycle #1157
End cycle #1158
End cycle #1159
End cycle #1160
End cycle #1161
End cycle #1162
End cycle #1163
End cycle #1164
End cycle #1165
End cycle #1166
End cycle #1167
End cycle #1168
End cycle #1169
End cycle #1170
End cycle #1171
End cycle #1172
End cycle #1173
End cycle #1174
End cycle #1175
End cycle #1176
End cycle #1177
End cycle #1178
End cycle #1179
End cycle #1180
End cycle #1181
End cycle #1182
End cycle #1183
End cycle #1184
End cycle #1185
End cycle #1186
End cycle #1187
End cycle #1188
End cycle #1189
End cycle #1190
End cycle #1191
End cycle #1192
End cycle #1193
End cycle #1194
End cycle #1195
End cycle #1196
End cycle #1197
End cycle #1198
End cycle #1199
End cycle #1200
End cycle #1201
End cycle #1202
End cycle #1203
End cycle #1204
End cycle #1205
End cycle #1206
End cycle #1207
End cycle #1208
End cycle #1209
End cycle #1210
End cycle #1211
End cycle #1212
End cycle #1213
End cycle #1214
End cycle #1215
End cycle #1216
End cycle #1217
End cycle #1218
End cycle #1219
End cycle #1220
End cycle #1221
End cycle #1222
End cycle #1223
End cycle #1224
End cycle #1225
End cycle #1226
End cycle #1227
End cycle #1228
End cycle #1229
End cycle #1230
End cycle #1231
End cycle #1232
End cycle #1233
End cycle #1234
End cycle #1235
End cycle #1236
End cycle #1237
End cycle #1238
End cycle #1239
End cycle #1240
End cycle #1241
End cycle #1242
End cycle #1243
End cycle #1244
End cycle #1245
End cycle #1246
End cycle #1247
End cycle #1248
End cycle #1249
End cycle #1250
End cycle #1251
End cycle #1252
End cycle #1253
End cycle #1254
End cycle #1255
End cycle #1256
End cycle #1257
End cycle #1258
End cycle #1259
End cycle #1260
End cycle #1261
End cycle #1262
End cycle #1263
End cycle #1264
End cycle #1265
End cycle #1266
End cycle #1267
End cycle #1268
End cycle #1269
End cycle #1270
End cycle #1271
End cycle #1272
End cycle #1273
End cycle #1274
End cycle #1275
End cycle #1276
End cycle #1277
End cycle #1278
End cycle #1279
End cycle #1280
End cycle #1281
End cycle #1282
End cycle #1283
End cycle #1284
End cycle #1285
End cycle #1286
End cycle #1287
End cycle #1288
End cycle #1289
End cycle #1290
End cycle #1291
End cycle #1292
End cycle #1293
End cycle #1294
End cycle #1295
End cycle #1296
End cycle #1297
End cycle #1298
End cycle #1299
End cycle #1300
End cycle #1301
End cycle #1302
End cycle #1303
End cycle #1304
End cycle #1305
End cycle #1306
End cycle #1307
End cycle #1308
End cycle #1309
End cycle #1310
End cycle #1311
End cycle #1312
End cycle #1313
End cycle #1314
End cycle #1315
End cycle #1316
End cycle #1317
End cycle #1318
End cycle #1319
End cycle #1320
End cycle #1321
End cycle #1322
End cycle #1323
End cycle #1324
End cycle #1325
End cycle #1326
End cycle #1327
End cycle #1328
End cycle #1329
End cycle #1330
End cycle #1331
End cycle #1332
End cycle #1333
End cycle #1334
End cycle #1335
End cycle #1336
End cycle #1337
End cycle #1338
End cycle #1339
End cycle #1340
End cycle #1341
End cycle #1342
End cycle #1343
End cycle #1344
End cycle #1345
End cycle #1346
End cycle #1347
End cycle #1348
End cycle #1349
End cycle #1350
End cycle #1351
End cycle #1352
End cycle #1353
End cycle #1354
End cycle #1355
End cycle #1356
End cycle #1357
End cycle #1358
End cycle #1359
End cycle #1360
End cycle #1361
End cycle #1362
End cycle #1363
End cycle #1364
End cycle #1365
End cycle #1366
End cycle #1367
End cycle #1368
End cycle #1369
End cycle #1370
End cycle #1371
End cycle #1372
End cycle #1373
End cycle #1374
End cycle #1375
End cycle #1376
End cycle #1377
End cycle #1378
End cycle #1379
End cycle #1380
End cycle #1381
End cycle #1382
End cycle #1383
End cycle #1384
End cycle #1385
End cycle #1386
End cycle #1387
End cycle #1388
End cycle #1389
End cycle #1390
End cycle #1391
End cycle #1392
End cycle #1393
End cycle #1394
End cycle #1395
End cycle #1396
End cycle #1397
End cycle #1398
End cycle #1399
End cycle #1400
End cycle #1401
End cycle #1402
End cycle #1403
End cycle #1404
End cycle #1405
End cycle #1406
End cycle #1407
End cycle #1408
End cycle #1409
End cycle #1410
End cycle #1411
End cycle #1412
End cycle #1413
End cycle #1414
End cycle #1415
End cycle #1416
End cycle #1417
End cycle #1418
End cycle #1419
End cycle #1420
End cycle #1421
End cycle #1422
End cycle #1423
End cycle #1424
End cycle #1425
End cycle #1426
End cycle #1427
End cycle #1428
End cycle #1429
End cycle #1430
End cycle #1431
End cycle #1432
End cycle #1433
End cycle #1434
End cycle #1435
End cycle #1436
End cycle #1437
End cycle #1438
End cycle #1439
End cycle #1440
End cycle #1441
End cycle #1442
End cycle #1443
End cycle #1444
End cycle #1445
End cycle #1446
End cycle #1447
End cycle #1448
End cycle #1449
End cycle #1450
End cycle #1451
End cycle #1452
End cycle #1453
End cycle #1454
End cycle #1455
End cycle #1456
End cycle #1457
End cycle #1458
End cycle #1459
End cycle #1460
End cycle #1461
End cycle #1462
End cycle #1463
End cycle #1464
End cycle #1465
End cycle #1466
End cycle #1467
End cycle #1468
End cycle #1469
End cycle #1470
End cycle #1471
End cycle #1472
End cycle #1473
End cycle #1474
End cycle #1475
End cycle #1476
End cycle #1477
End cycle #1478
End cycle #1479
End cycle #1480
End cycle #1481
End cycle #1482
End cycle #1483
End cycle #1484
End cycle #1485
End cycle #1486
End cycle #1487
End cycle #1488
End cycle #1489
End cycle #1490
End cycle #1491
End cycle #1492
End cycle #1493
End cycle #1494
End cycle #1495
End cycle #1496
End cycle #1497
End cycle #1498
End cycle #1499
End cycle #1500
End cycle #1501
End cycle #1502
End cycle #1503
End cycle #1504
End cycle #1505
End cycle #1506
End cycle #1507
End cycle #1508
End cycle #1509
End cycle #1510
End cycle #1511
End cycle #1512
End cycle #1513
End cycle #1514
End cycle #1515
End cycle #1516
End cycle #1517
End cycle #1518
End cycle #1519
End cycle #1520
End cycle #1521
End cycle #1522
End cycle #1523
End cycle #1524
End cycle #1525
End cycle #1526
End cycle #1527
End cycle #1528
End cycle #1529
End cycle #1530
End cycle #1531
End cycle #1532
End cycle #1533
End cycle #1534
End cycle #1535
End cycle #1536
End cycle #1537
End cycle #1538
End cycle #1539
End cycle #1540
End cycle #1541
End cycle #1542
End cycle #1543
End cycle #1544
End cycle #1545
End cycle #1546
End cycle #1547
End cycle #1548
End cycle #1549
End cycle #1550
End cycle #1551
End cycle #1552
End cycle #1553
End cycle #1554
End cycle #1555
End cycle #1556
End cycle #1557
End cycle #1558
End cycle #1559
End cycle #1560
End cycle #1561
End cycle #1562
End cycle #1563
End cycle #1564
End cycle #1565
End cycle #1566
End cycle #1567
End cycle #1568
End cycle #1569
End cycle #1570
End cycle #1571
End cycle #1572
End cycle #1573
End cycle #1574
End cycle #1575
End cycle #1576
End cycle #1577
End cycle #1578
End cycle #1579
End cycle #1580
End cycle #1581
End cycle #1582
End cycle #1583
End cycle #1584
End cycle #1585
End cycle #1586
End cycle #1587
End cycle #1588
End cycle #1589
End cycle #1590
End cycle #1591
End cycle #1592
End cycle #1593
End cycle #1594
End cycle #1595
End cycle #1596
End cycle #1597
End cycle #1598
End cycle #1599
End cycle #1600
End cycle #1601
End cycle #1602
End cycle #1603
End cycle #1604
End cycle #1605
End cycle #1606
End cycle #1607
End cycle #1608
End cycle #1609
End cycle #1610
End cycle #1611
End cycle #1612
End cycle #1613
End cycle #1614
End cycle #1615
End cycle #1616
End cycle #1617
End cycle #1618
End cycle #1619
End cycle #1620
End cycle #1621
End cycle #1622
End cycle #1623
End cycle #1624
End cycle #1625
End cycle #1626
End cycle #1627
End cycle #1628
End cycle #1629
End cycle #1630
End cycle #1631
End cycle #1632
End cycle #1633
End cycle #1634
End cycle #1635
End cycle #1636
End cycle #1637
End cycle #1638
End cycle #1639
End cycle #1640
End cycle #1641
End cycle #1642
End cycle #1643
End cycle #1644
End cycle #1645
End cycle #1646
End cycle #1647
End cycle #1648
End cycle #1649
End cycle #1650
End cycle #1651
End cycle #1652
End cycle #1653
End cycle #1654
End cycle #1655
End cycle #1656
End cycle #1657
End cycle #1658
End cycle #1659
End cycle #1660
End cycle #1661
End cycle #1662
End cycle #1663
End cycle #1664
End cycle #1665
End cycle #1666
End cycle #1667
End cycle #1668
End cycle #1669
End cycle #1670
End cycle #1671
End cycle #1672
End cycle #1673
End cycle #1674
End cycle #1675
End cycle #1676
End cycle #1677
End cycle #1678
End cycle #1679
End cycle #1680
End cycle #1681
End cycle #1682
End cycle #1683
End cycle #1684
End cycle #1685
End cycle #1686
End cycle #1687
End cycle #1688
End cycle #1689
End cycle #1690
End cycle #1691
End cycle #1692
End cycle #1693
End cycle #1694
End cycle #1695
End cycle #1696
End cycle #1697
End cycle #1698
End cycle #1699
End cycle #1700
End cycle #1701
End cycle #1702
End cycle #1703
End cycle #1704
End cycle #1705
End cycle #1706
End cycle #1707
End cycle #1708
End cycle #1709
End cycle #1710
End cycle #1711
End cycle #1712
End cycle #1713
End cycle #1714
End cycle #1715
End cycle #1716
End cycle #1717
End cycle #1718
End cycle #1719
End cycle #1720
End cycle #1721
End cycle #1722
End cycle #1723
End cycle #1724
End cycle #1725
End cycle #1726
End cycle #1727
End cycle #1728
End cycle #1729
End cycle #1730
End cycle #1731
End cycle #1732
End cycle #1733
End cycle #1734
End cycle #1735
End cycle #1736
End cycle #1737
End cycle #1738
End cycle #1739
End cycle #1740
End cycle #1741
End cycle #1742
End cycle #1743
End cycle #1744
End cycle #1745
End cycle #1746
End cycle #1747
End cycle #1748
End cycle #1749
End cycle #1750
End cycle #1751
End cycle #1752
End cycle #1753
End cycle #1754
End cycle #1755
End cycle #1756
End cycle #1757
End cycle #1758
End cycle #1759
End cycle #1760
End cycle #1761
End cycle #1762
End cycle #1763
End cycle #1764
End cycle #1765
End cycle #1766
End cycle #1767
End cycle #1768
End cycle #1769
End cycle #1770
End cycle #1771
End cycle #1772
End cycle #1773
End cycle #1774
End cycle #1775
End cycle #1776
End cycle #1777
End cycle #1778
End cycle #1779
End cycle #1780
End cycle #1781
End cycle #1782
End cycle #1783
End cycle #1784
End cycle #1785
End cycle #1786
End cycle #1787
End cycle #1788
End cycle #1789
End cycle #1790
End cycle #1791
End cycle #1792
End cycle #1793
End cycle #1794
End cycle #1795
End cycle #1796
End cycle #1797
End cycle #1798
End cycle #1799
End cycle #1800
End cycle #1801
End cycle #1802
End cycle #1803
End cycle #1804
End cycle #1805
End cycle #1806
End cycle #1807
End cycle #1808
End cycle #1809
End cycle #1810
End cycle #1811
End cycle #1812
End cycle #1813
End cycle #1814
End cycle #1815
End cycle #1816
End cycle #1817
End cycle #1818
End cycle #1819
End cycle #1820
End cycle #1821
End cycle #1822
End cycle #1823
End cycle #1824
End cycle #1825
End cycle #1826
End cycle #1827
End cycle #1828
End cycle #1829
End cycle #1830
End cycle #1831
End cycle #1832
End cycle #1833
End cycle #1834
End cycle #1835
End cycle #1836
End cycle #1837
End cycle #1838
End cycle #1839
End cycle #1840
End cycle #1841
End cycle #1842
End cycle #1843
End cycle #1844
End cycle #1845
End cycle #1846
End cycle #1847
End cycle #1848
End cycle #1849
End cycle #1850
End cycle #1851
End cycle #1852
End cycle #1853
End cycle #1854
End cycle #1855
End cycle #1856
End cycle #1857
End cycle #1858
End cycle #1859
End cycle #1860
End cycle #1861
End cycle #1862
End cycle #1863
End cycle #1864
End cycle #1865
End cycle #1866
End cycle #1867
End cycle #1868
End cycle #1869
End cycle #1870
End cycle #1871
End cycle #1872
End cycle #1873
End cycle #1874
End cycle #1875
End cycle #1876
End cycle #1877
End cycle #1878
End cycle #1879
End cycle #1880
End cycle #1881
End cycle #1882
End cycle #1883
End cycle #1884
End cycle #1885
End cycle #1886
End cycle #1887
End cycle #1888
End cycle #1889
End cycle #1890
End cycle #1891
End cycle #1892
End cycle #1893
End cycle #1894
End cycle #1895
End cycle #1896
End cycle #1897
End cycle #1898
End cycle #1899
End cycle #1900
End cycle #1901
End cycle #1902
End cycle #1903
End cycle #1904
End cycle #1905
End cycle #1906
End cycle #1907
End cycle #1908
End cycle #1909
End cycle #1910
End cycle #1911
End cycle #1912
End cycle #1913
End cycle #1914
End cycle #1915
End cycle #1916
End cycle #1917
End cycle #1918
End cycle #1919
End cycle #1920
End cycle #1921
End cycle #1922
End cycle #1923
End cycle #1924
End cycle #1925
End cycle #1926
End cycle #1927
End cycle #1928
End cycle #1929
End cycle #1930
End cycle #1931
End cycle #1932
End cycle #1933
End cycle #1934
End cycle #1935
End cycle #1936
End cycle #1937
End cycle #1938
End cycle #1939
End cycle #1940
End cycle #1941
End cycle #1942
End cycle #1943
End cycle #1944
End cycle #1945
End cycle #1946
End cycle #1947
End cycle #1948
End cycle #1949
End cycle #1950
End cycle #1951
End cycle #1952
End cycle #1953
End cycle #1954
End cycle #1955
End cycle #1956
End cycle #1957
End cycle #1958
End cycle #1959
End cycle #1960
End cycle #1961
End cycle #1962
End cycle #1963
End cycle #1964
End cycle #1965
End cycle #1966
End cycle #1967
End cycle #1968
End cycle #1969
End cycle #1970
End cycle #1971
End cycle #1972
End cycle #1973
End cycle #1974
End cycle #1975
End cycle #1976
End cycle #1977
End cycle #1978
End cycle #1979
End cycle #1980
End cycle #1981
End cycle #1982
End cycle #1983
End cycle #1984
End cycle #1985
End cycle #1986
End cycle #1987
End cycle #1988
End cycle #1989
End cycle #1990
End cycle #1991
End cycle #1992
End cycle #1993
End cycle #1994
End cycle #1995
End cycle #1996
End cycle #1997
End cycle #1998
End cycle #1999
End cycle #2000
End cycle #2001
End cycle #2002
End cycle #2003
End cycle #2004
End cycle #2005
End cycle #2006
End cycle #2007
End cycle #2008
End cycle #2009
End cycle #2010
End cycle #2011
End cycle #2012
End cycle #2013
End cycle #2014
End cycle #2015
End cycle #2016
End cycle #2017
End cycle #2018
End cycle #2019
End cycle #2020
End cycle #2021
End cycle #2022
End cycle #2023
End cycle #2024
End cycle #2025
End cycle #2026
End cycle #2027
End cycle #2028
End cycle #2029
End cycle #2030
End cycle #2031
End cycle #2032
End cycle #2033
End cycle #2034
End cycle #2035
End cycle #2036
End cycle #2037
End cycle #2038
End cycle #2039
End cycle #2040
End cycle #2041
End cycle #2042
End cycle #2043
End cycle #2044
End cycle #2045
End cycle #2046
End cycle #2047
End cycle #2048
End cycle #2049
End cycle #2050
End cycle #2051
End cycle #2052
End cycle #2053
End cycle #2054
End cycle #2055
End cycle #2056
End cycle #2057
End cycle #2058
End cycle #2059
End cycle #2060
End cycle #2061
End cycle #2062
End cycle #2063
End cycle #2064
End cycle #2065
End cycle #2066
End cycle #2067
End cycle #2068
End cycle #2069
End cycle #2070
End cycle #2071
End cycle #2072
End cycle #2073
End cycle #2074
End cycle #2075
End cycle #2076
End cycle #2077
End cycle #2078
End cycle #2079
End cycle #2080
End cycle #2081
End cycle #2082
End cycle #2083
End cycle #2084
End cycle #2085
End cycle #2086
End cycle #2087
End cycle #2088
End cycle #2089
End cycle #2090
End cycle #2091
End cycle #2092
End cycle #2093
End cycle #2094
End cycle #2095
End cycle #2096
End cycle #2097
End cycle #2098
End cycle #2099
End cycle #2100
End cycle #2101
End cycle #2102
End cycle #2103
End cycle #2104
End cycle #2105
End cycle #2106
End cycle #2107
End cycle #2108
End cycle #2109
End cycle #2110
End cycle #2111
End cycle #2112
End cycle #2113
End cycle #2114
End cycle #2115
End cycle #2116
End cycle #2117
End cycle #2118
End cycle #2119
End cycle #2120
End cycle #2121
End cycle #2122
End cycle #2123
End cycle #2124
End cycle #2125
End cycle #2126
End cycle #2127
End cycle #2128
End cycle #2129
End cycle #2130
End cycle #2131
End cycle #2132
End cycle #2133
End cycle #2134
End cycle #2135
End cycle #2136
End cycle #2137
End cycle #2138
End cycle #2139
End cycle #2140
End cycle #2141
End cycle #2142
End cycle #2143
End cycle #2144
End cycle #2145
End cycle #2146
End cycle #2147
End cycle #2148
End cycle #2149
End cycle #2150
End cycle #2151
End cycle #2152
End cycle #2153
End cycle #2154
End cycle #2155
End cycle #2156
End cycle #2157
End cycle #2158
End cycle #2159
End cycle #2160
End cycle #2161
End cycle #2162
End cycle #2163
End cycle #2164
End cycle #2165
End cycle #2166
End cycle #2167
End cycle #2168
End cycle #2169
End cycle #2170
End cycle #2171
End cycle #2172
End cycle #2173
End cycle #2174
End cycle #2175
End cycle #2176
End cycle #2177
End cycle #2178
End cycle #2179
End cycle #2180
End cycle #2181
End cycle #2182
End cycle #2183
End cycle #2184
End cycle #2185
End cycle #2186
End cycle #2187
End cycle #2188
End cycle #2189
End cycle #2190
End cycle #2191
End cycle #2192
End cycle #2193
End cycle #2194
End cycle #2195
End cycle #2196
End cycle #2197
End cycle #2198
End cycle #2199
End cycle #2200
End cycle #2201
End cycle #2202
End cycle #2203
End cycle #2204
End cycle #2205
End cycle #2206
End cycle #2207
End cycle #2208
End cycle #2209
End cycle #2210
End cycle #2211
End cycle #2212
End cycle #2213
End cycle #2214
End cycle #2215
End cycle #2216
End cycle #2217
End cycle #2218
End cycle #2219
End cycle #2220
End cycle #2221
End cycle #2222
End cycle #2223
End cycle #2224
End cycle #2225
End cycle #2226
End cycle #2227
End cycle #2228
End cycle #2229
End cycle #2230
End cycle #2231
End cycle #2232
End cycle #2233
End cycle #2234
End cycle #2235
End cycle #2236
End cycle #2237
End cycle #2238
End cycle #2239
End cycle #2240
End cycle #2241
End cycle #2242
End cycle #2243
End cycle #2244
End cycle #2245
End cycle #2246
End cycle #2247
End cycle #2248
End cycle #2249
End cycle #2250
End cycle #2251
End cycle #2252
End cycle #2253
End cycle #2254
End cycle #2255
End cycle #2256
End cycle #2257
End cycle #2258
End cycle #2259
End cycle #2260
End cycle #2261
End cycle #2262
End cycle #2263
End cycle #2264
End cycle #2265
End cycle #2266
End cycle #2267
End cycle #2268
End cycle #2269
End cycle #2270
End cycle #2271
End cycle #2272
End cycle #2273
End cycle #2274
End cycle #2275
End cycle #2276
End cycle #2277
End cycle #2278
End cycle #2279
End cycle #2280
End cycle #2281
End cycle #2282
End cycle #2283
End cycle #2284
End cycle #2285
End cycle #2286
End cycle #2287
End cycle #2288
End cycle #2289
End cycle #2290
End cycle #2291
End cycle #2292
End cycle #2293
End cycle #2294
End cycle #2295
End cycle #2296
End cycle #2297
End cycle #2298
End cycle #2299
End cycle #2300
End cycle #2301
End cycle #2302
End cycle #2303
End cycle #2304
End cycle #2305
End cycle #2306
End cycle #2307
End cycle #2308
End cycle #2309
End cycle #2310
End cycle #2311
End cycle #2312
End cycle #2313
End cycle #2314
End cycle #2315
End cycle #2316
End cycle #2317
End cycle #2318
End cycle #2319
End cycle #2320
End cycle #2321
End cycle #2322
End cycle #2323
End cycle #2324
End cycle #2325
End cycle #2326
End cycle #2327
End cycle #2328
End cycle #2329
End cycle #2330
End cycle #2331
End cycle #2332
End cycle #2333
End cycle #2334
End cycle #2335
End cycle #2336
End cycle #2337
End cycle #2338
End cycle #2339
End cycle #2340
End cycle #2341
End cycle #2342
End cycle #2343
End cycle #2344
End cycle #2345
End cycle #2346
End cycle #2347
End cycle #2348
End cycle #2349
End cycle #2350
End cycle #2351
End cycle #2352
End cycle #2353
End cycle #2354
End cycle #2355
End cycle #2356
End cycle #2357
End cycle #2358
End cycle #2359
End cycle #2360
End cycle #2361
End cycle #2362
End cycle #2363
End cycle #2364
End cycle #2365
End cycle #2366
End cycle #2367
End cycle #2368
End cycle #2369
End cycle #2370
End cycle #2371
End cycle #2372
End cycle #2373
End cycle #2374
End cycle #2375
End cycle #2376
End cycle #2377
End cycle #2378
End cycle #2379
End cycle #2380
End cycle #2381
End cycle #2382
End cycle #2383
End cycle #2384
End cycle #2385
End cycle #2386
End cycle #2387
End cycle #2388
End cycle #2389
End cycle #2390
End cycle #2391
End cycle #2392
End cycle #2393
End cycle #2394
End cycle #2395
End cycle #2396
End cycle #2397
End cycle #2398
End cycle #2399
End cycle #2400
End cycle #2401
End cycle #2402
End cycle #2403
End cycle #2404
End cycle #2405
End cycle #2406
End cycle #2407
End cycle #2408
End cycle #2409
End cycle #2410
End cycle #2411
End cycle #2412
End cycle #2413
End cycle #2414
End cycle #2415
End cycle #2416
End cycle #2417
End cycle #2418
End cycle #2419
End cycle #2420
End cycle #2421
End cycle #2422
End cycle #2423
End cycle #2424
End cycle #2425
End cycle #2426
End cycle #2427
End cycle #2428
End cycle #2429
End cycle #2430
End cycle #2431
End cycle #2432
End cycle #2433
End cycle #2434
End cycle #2435
End cycle #2436
End cycle #2437
End cycle #2438
End cycle #2439
End cycle #2440
End cycle #2441
End cycle #2442
End cycle #2443
End cycle #2444
End cycle #2445
End cycle #2446
End cycle #2447
End cycle #2448
End cycle #2449
End cycle #2450
End cycle #2451
End cycle #2452
End cycle #2453
End cycle #2454
End cycle #2455
End cycle #2456
End cycle #2457
End cycle #2458
End cycle #2459
End cycle #2460
End cycle #2461
End cycle #2462
End cycle #2463
End cycle #2464
End cycle #2465
End cycle #2466
End cycle #2467
End cycle #2468
End cycle #2469
End cycle #2470
End cycle #2471
End cycle #2472
End cycle #2473
End cycle #2474
End cycle #2475
End cycle #2476
End cycle #2477
End cycle #2478
End cycle #2479
End cycle #2480
End cycle #2481
End cycle #2482
End cycle #2483
End cycle #2484
End cycle #2485
End cycle #2486
End cycle #2487
End cycle #2488
End cycle #2489
End cycle #2490
End cycle #2491
End cycle #2492
End cycle #2493
End cycle #2494
End cycle #2495
End cycle #2496
End cycle #2497
End cycle #2498
End cycle #2499
End cycle #2500
End cycle #2501
End cycle #2502
End cycle #2503
End cycle #2504
End cycle #2505
End cycle #2506
End cycle #2507
End cycle #2508
End cycle #2509
End cycle #2510
End cycle #2511
End cycle #2512
End cycle #2513
End cycle #2514
End cycle #2515
End cycle #2516
End cycle #2517
End cycle #2518
End cycle #2519
End cycle #2520
End cycle #2521
End cycle #2522
End cycle #2523
End cycle #2524
End cycle #2525
End cycle #2526
End cycle #2527
End cycle #2528
End cycle #2529
End cycle #2530
End cycle #2531
End cycle #2532
End cycle #2533
End cycle #2534
End cycle #2535
End cycle #2536
End cycle #2537
End cycle #2538
End cycle #2539
End cycle #2540
End cycle #2541
End cycle #2542
End cycle #2543
End cycle #2544
End cycle #2545
End cycle #2546
End cycle #2547
End cycle #2548
End cycle #2549
End cycle #2550
End cycle #2551
End cycle #2552
End cycle #2553
End cycle #2554
End cycle #2555
End cycle #2556
End cycle #2557
End cycle #2558
End cycle #2559
End cycle #2560
End cycle #2561
End cycle #2562
End cycle #2563
End cycle #2564
End cycle #2565
End cycle #2566
End cycle #2567
End cycle #2568
End cycle #2569
End cycle #2570
End cycle #2571
End cycle #2572
End cycle #2573
End cycle #2574
End cycle #2575
End cycle #2576
End cycle #2577
End cycle #2578
End cycle #2579
End cycle #2580
End cycle #2581
End cycle #2582
End cycle #2583
End cycle #2584
End cycle #2585
End cycle #2586
End cycle #2587
End cycle #2588
End cycle #2589
End cycle #2590
End cycle #2591
End cycle #2592
End cycle #2593
End cycle #2594
End cycle #2595
End cycle #2596
End cycle #2597
End cycle #2598
End cycle #2599
End cycle #2600
End cycle #2601
End cycle #2602
End cycle #2603
End cycle #2604
End cycle #2605
End cycle #2606
End cycle #2607
End cycle #2608
End cycle #2609
End cycle #2610
End cycle #2611
End cycle #2612
End cycle #2613
End cycle #2614
End cycle #2615
End cycle #2616
End cycle #2617
End cycle #2618
End cycle #2619
End cycle #2620
End cycle #2621
End cycle #2622
End cycle #2623
End cycle #2624
End cycle #2625
End cycle #2626
End cycle #2627
End cycle #2628
End cycle #2629
End cycle #2630
End cycle #2631
End cycle #2632
End cycle #2633
End cycle #2634
End cycle #2635
End cycle #2636
End cycle #2637
End cycle #2638
End cycle #2639
End cycle #2640
End cycle #2641
End cycle #2642
End cycle #2643
End cycle #2644
End cycle #2645
End cycle #2646
End cycle #2647
End cycle #2648
End cycle #2649
End cycle #2650
End cycle #2651
End cycle #2652
End cycle #2653
End cycle #2654
End cycle #2655
End cycle #2656
End cycle #2657
End cycle #2658
End cycle #2659
End cycle #2660
End cycle #2661
End cycle #2662
End cycle #2663
End cycle #2664
End cycle #2665
End cycle #2666
End cycle #2667
End cycle #2668
End cycle #2669
End cycle #2670
End cycle #2671
End cycle #2672
End cycle #2673
End cycle #2674
End cycle #2675
End cycle #2676
End cycle #2677
End cycle #2678
End cycle #2679
End cycle #2680
End cycle #2681
End cycle #2682
End cycle #2683
End cycle #2684
End cycle #2685
End cycle #2686
End cycle #2687
End cycle #2688
End cycle #2689
End cycle #2690
End cycle #2691
End cycle #2692
End cycle #2693
End cycle #2694
End cycle #2695
End cycle #2696
End cycle #2697
End cycle #2698
End cycle #2699
End cycle #2700
End cycle #2701
End cycle #2702
End cycle #2703
End cycle #2704
End cycle #2705
End cycle #2706
End cycle #2707
End cycle #2708
End cycle #2709
End cycle #2710
End cycle #2711
End cycle #2712
End cycle #2713
End cycle #2714
End cycle #2715
End cycle #2716
End cycle #2717
End cycle #2718
End cycle #2719
End cycle #2720
End cycle #2721
End cycle #2722
End cycle #2723
End cycle #2724
End cycle #2725
End cycle #2726
End cycle #2727
End cycle #2728
End cycle #2729
End cycle #2730
End cycle #2731
End cycle #2732
End cycle #2733
End cycle #2734
End cycle #2735
End cycle #2736
End cycle #2737
End cycle #2738
End cycle #2739
End cycle #2740
End cycle #2741
End cycle #2742
End cycle #2743
End cycle #2744
End cycle #2745
End cycle #2746
End cycle #2747
End cycle #2748
End cycle #2749
End cycle #2750
End cycle #2751
End cycle #2752
End cycle #2753
End cycle #2754
End cycle #2755
End cycle #2756
End cycle #2757
End cycle #2758
End cycle #2759
End cycle #2760
End cycle #2761
End cycle #2762
End cycle #2763
End cycle #2764
End cycle #2765
End cycle #2766
End cycle #2767
End cycle #2768
End cycle #2769
End cycle #2770
End cycle #2771
End cycle #2772
End cycle #2773
End cycle #2774
End cycle #2775
End cycle #2776
End cycle #2777
End cycle #2778
End cycle #2779
End cycle #2780
End cycle #2781
End cycle #2782
End cycle #2783
End cycle #2784
End cycle #2785
End cycle #2786
End cycle #2787
End cycle #2788
End cycle #2789
End cycle #2790
End cycle #2791
End cycle #2792
End cycle #2793
End cycle #2794
End cycle #2795
End cycle #2796
End cycle #2797
End cycle #2798
End cycle #2799
End cycle #2800
End cycle #2801
End cycle #2802
End cycle #2803
End cycle #2804
End cycle #2805
End cycle #2806
End cycle #2807
End cycle #2808
End cycle #2809
End cycle #2810
End cycle #2811
End cycle #2812
End cycle #2813
End cycle #2814
End cycle #2815
End cycle #2816
End cycle #2817
End cycle #2818
End cycle #2819
End cycle #2820
End cycle #2821
End cycle #2822
End cycle #2823
End cycle #2824
End cycle #2825
End cycle #2826
End cycle #2827
End cycle #2828
End cycle #2829
End cycle #2830
End cycle #2831
End cycle #2832
End cycle #2833
End cycle #2834
End cycle #2835
End cycle #2836
End cycle #2837
End cycle #2838
End cycle #2839
End cycle #2840
End cycle #2841
End cycle #2842
End cycle #2843
End cycle #2844
End cycle #2845
End cycle #2846
End cycle #2847
End cycle #2848
End cycle #2849
End cycle #2850
End cycle #2851
End cycle #2852
End cycle #2853
End cycle #2854
End cycle #2855
End cycle #2856
End cycle #2857
End cycle #2858
End cycle #2859
End cycle #2860
End cycle #2861
End cycle #2862
End cycle #2863
End cycle #2864
End cycle #2865
End cycle #2866
End cycle #2867
End cycle #2868
End cycle #2869
End cycle #2870
End cycle #2871
End cycle #2872
End cycle #2873
End cycle #2874
End cycle #2875
End cycle #2876
End cycle #2877
End cycle #2878
End cycle #2879
End cycle #2880
End cycle #2881
End cycle #2882
End cycle #2883
End cycle #2884
End cycle #2885
End cycle #2886
End cycle #2887
End cycle #2888
End cycle #2889
End cycle #2890
End cycle #2891
End cycle #2892
End cycle #2893
End cycle #2894
End cycle #2895
End cycle #2896
End cycle #2897
End cycle #2898
End cycle #2899
End cycle #2900
End cycle #2901
End cycle #2902
End cycle #2903
End cycle #2904
End cycle #2905
End cycle #2906
End cycle #2907
End cycle #2908
End cycle #2909
End cycle #2910
End cycle #2911
End cycle #2912
End cycle #2913
End cycle #2914
End cycle #2915
End cycle #2916
End cycle #2917
End cycle #2918
End cycle #2919
End cycle #2920
End cycle #2921
End cycle #2922
End cycle #2923
End cycle #2924
End cycle #2925
End cycle #2926
End cycle #2927
End cycle #2928
End cycle #2929
End cycle #2930
End cycle #2931
End cycle #2932
End cycle #2933
End cycle #2934
End cycle #2935
End cycle #2936
End cycle #2937
End cycle #2938
End cycle #2939
End cycle #2940
End cycle #2941
End cycle #2942
End cycle #2943
End cycle #2944
End cycle #2945
End cycle #2946
End cycle #2947
End cycle #2948
End cycle #2949
End cycle #2950
End cycle #2951
End cycle #2952
End cycle #2953
End cycle #2954
End cycle #2955
End cycle #2956
End cycle #2957
End cycle #2958
End cycle #2959
End cycle #2960
End cycle #2961
End cycle #2962
End cycle #2963
End cycle #2964
End cycle #2965
End cycle #2966
End cycle #2967
End cycle #2968
End cycle #2969
End cycle #2970
End cycle #2971
End cycle #2972
End cycle #2973
End cycle #2974
End cycle #2975
End cycle #2976
End cycle #2977
End cycle #2978
End cycle #2979
End cycle #2980
End cycle #2981
End cycle #2982
End cycle #2983
End cycle #2984
End cycle #2985
End cycle #2986
End cycle #2987
End cycle #2988
End cycle #2989
End cycle #2990
End cycle #2991
End cycle #2992
End cycle #2993
End cycle #2994
End cycle #2995
End cycle #2996
End cycle #2997
End cycle #2998
End cycle #2999
End cycle #3000
End cycle #3001
End cycle #3002
End cycle #3003
End cycle #3004
End cycle #3005
End cycle #3006
End cycle #3007
End cycle #3008
End cycle #3009
End cycle #3010
End cycle #3011
End cycle #3012
End cycle #3013
End cycle #3014
End cycle #3015
End cycle #3016
End cycle #3017
End cycle #3018
End cycle #3019
End cycle #3020
End cycle #3021
End cycle #3022
End cycle #3023
End cycle #3024
End cycle #3025
End cycle #3026
End cycle #3027
End cycle #3028
End cycle #3029
End cycle #3030
End cycle #3031
End cycle #3032
End cycle #3033
End cycle #3034
End cycle #3035
End cycle #3036
End cycle #3037
End cycle #3038
End cycle #3039
End cycle #3040
End cycle #3041
End cycle #3042
End cycle #3043
End cycle #3044
End cycle #3045
End cycle #3046
End cycle #3047
End cycle #3048
End cycle #3049
End cycle #3050
End cycle #3051
End cycle #3052
End cycle #3053
End cycle #3054
End cycle #3055
End cycle #3056
End cycle #3057
End cycle #3058
End cycle #3059
End cycle #3060
End cycle #3061
End cycle #3062
End cycle #3063
End cycle #3064
End cycle #3065
End cycle #3066
End cycle #3067
End cycle #3068
End cycle #3069
End cycle #3070
End cycle #3071
End cycle #3072
End cycle #3073
End cycle #3074
End cycle #3075
End cycle #3076
End cycle #3077
End cycle #3078
End cycle #3079
End cycle #3080
End cycle #3081
End cycle #3082
End cycle #3083
End cycle #3084
End cycle #3085
End cycle #3086
End cycle #3087
End cycle #3088
End cycle #3089
End cycle #3090
End cycle #3091
End cycle #3092
End cycle #3093
End cycle #3094
End cycle #3095
End cycle #3096
End cycle #3097
End cycle #3098
End cycle #3099
End cycle #3100
End cycle #3101
End cycle #3102
End cycle #3103
End cycle #3104
End cycle #3105
End cycle #3106
End cycle #3107
End cycle #3108
End cycle #3109
End cycle #3110
End cycle #3111
End cycle #3112
End cycle #3113
End cycle #3114
End cycle #3115
End cycle #3116
End cycle #3117
End cycle #3118
End cycle #3119
End cycle #3120
End cycle #3121
End cycle #3122
End cycle #3123
End cycle #3124
End cycle #3125
End cycle #3126
End cycle #3127
End cycle #3128
End cycle #3129
End cycle #3130
End cycle #3131
End cycle #3132
End cycle #3133
End cycle #3134
End cycle #3135
End cycle #3136
End cycle #3137
End cycle #3138
End cycle #3139
End cycle #3140
End cycle #3141
End cycle #3142
End cycle #3143
End cycle #3144
End cycle #3145
End cycle #3146
End cycle #3147
End cycle #3148
End cycle #3149
End cycle #3150
End cycle #3151
End cycle #3152
End cycle #3153
End cycle #3154
End cycle #3155
End cycle #3156
End cycle #3157
End cycle #3158
End cycle #3159
End cycle #3160
End cycle #3161
End cycle #3162
End cycle #3163
End cycle #3164
End cycle #3165
End cycle #3166
End cycle #3167
End cycle #3168
End cycle #3169
End cycle #3170
End cycle #3171
End cycle #3172
End cycle #3173
End cycle #3174
End cycle #3175
End cycle #3176
End cycle #3177
End cycle #3178
End cycle #3179
End cycle #3180
End cycle #3181
End cycle #3182
End cycle #3183
End cycle #3184
End cycle #3185
End cycle #3186
End cycle #3187
End cycle #3188
End cycle #3189
End cycle #3190
End cycle #3191
End cycle #3192
End cycle #3193
End cycle #3194
End cycle #3195
End cycle #3196
End cycle #3197
End cycle #3198
End cycle #3199
End cycle #3200
End cycle #3201
End cycle #3202
End cycle #3203
End cycle #3204
End cycle #3205
End cycle #3206
End cycle #3207
End cycle #3208
End cycle #3209
End cycle #3210
End cycle #3211
End cycle #3212
End cycle #3213
End cycle #3214
End cycle #3215
End cycle #3216
End cycle #3217
End cycle #3218
End cycle #3219
End cycle #3220
End cycle #3221
End cycle #3222
End cycle #3223
End cycle #3224
End cycle #3225
End cycle #3226
End cycle #3227
End cycle #3228
End cycle #3229
End cycle #3230
End cycle #3231
End cycle #3232
End cycle #3233
End cycle #3234
End cycle #3235
End cycle #3236
End cycle #3237
End cycle #3238
End cycle #3239
End cycle #3240
End cycle #3241
End cycle #3242
End cycle #3243
End cycle #3244
End cycle #3245
End cycle #3246
End cycle #3247
End cycle #3248
End cycle #3249
End cycle #3250
End cycle #3251
End cycle #3252
End cycle #3253
End cycle #3254
End cycle #3255
End cycle #3256
End cycle #3257
End cycle #3258
End cycle #3259
End cycle #3260
End cycle #3261
End cycle #3262
End cycle #3263
End cycle #3264
End cycle #3265
End cycle #3266
End cycle #3267
End cycle #3268
End cycle #3269
End cycle #3270
End cycle #3271
End cycle #3272
End cycle #3273
End cycle #3274
End cycle #3275
End cycle #3276
End cycle #3277
End cycle #3278
End cycle #3279
End cycle #3280
End cycle #3281
End cycle #3282
End cycle #3283
End cycle #3284
End cycle #3285
End cycle #3286
End cycle #3287
End cycle #3288
End cycle #3289
End cycle #3290
End cycle #3291
End cycle #3292
End cycle #3293
End cycle #3294
End cycle #3295
End cycle #3296
End cycle #3297
End cycle #3298
End cycle #3299
End cycle #3300
End cycle #3301
End cycle #3302
End cycle #3303
End cycle #3304
End cycle #3305
End cycle #3306
End cycle #3307
End cycle #3308
End cycle #3309
End cycle #3310
End cycle #3311
End cycle #3312
End cycle #3313
End cycle #3314
End cycle #3315
End cycle #3316
End cycle #3317
End cycle #3318
End cycle #3319
End cycle #3320
End cycle #3321
End cycle #3322
End cycle #3323
End cycle #3324
End cycle #3325
End cycle #3326
End cycle #3327
End cycle #3328
End cycle #3329
End cycle #3330
End cycle #3331
End cycle #3332
End cycle #3333
End cycle #3334
End cycle #3335
End cycle #3336
End cycle #3337
End cycle #3338
End cycle #3339
End cycle #3340
End cycle #3341
End cycle #3342
End cycle #3343
End cycle #3344
End cycle #3345
End cycle #3346
End cycle #3347
End cycle #3348
End cycle #3349
End cycle #3350
End cycle #3351
End cycle #3352
End cycle #3353
End cycle #3354
End cycle #3355
End cycle #3356
End cycle #3357
End cycle #3358
End cycle #3359
End cycle #3360
End cycle #3361
End cycle #3362
End cycle #3363
End cycle #3364
End cycle #3365
End cycle #3366
End cycle #3367
End cycle #3368
End cycle #3369
End cycle #3370
End cycle #3371
End cycle #3372
End cycle #3373
End cycle #3374
End cycle #3375
End cycle #3376
End cycle #3377
End cycle #3378
End cycle #3379
End cycle #3380
End cycle #3381
End cycle #3382
End cycle #3383
End cycle #3384
End cycle #3385
End cycle #3386
End cycle #3387
End cycle #3388
End cycle #3389
End cycle #3390
End cycle #3391
End cycle #3392
End cycle #3393
End cycle #3394
End cycle #3395
End cycle #3396
End cycle #3397
End cycle #3398
End cycle #3399
End cycle #3400
End cycle #3401
End cycle #3402
End cycle #3403
End cycle #3404
End cycle #3405
End cycle #3406
End cycle #3407
End cycle #3408
End cycle #3409
End cycle #3410
End cycle #3411
End cycle #3412
End cycle #3413
End cycle #3414
End cycle #3415
End cycle #3416
End cycle #3417
End cycle #3418
End cycle #3419
End cycle #3420
End cycle #3421
End cycle #3422
End cycle #3423
End cycle #3424
End cycle #3425
End cycle #3426
End cycle #3427
End cycle #3428
End cycle #3429
End cycle #3430
End cycle #3431
End cycle #3432
End cycle #3433
End cycle #3434
End cycle #3435
End cycle #3436
End cycle #3437
End cycle #3438
End cycle #3439
End cycle #3440
End cycle #3441
End cycle #3442
End cycle #3443
End cycle #3444
End cycle #3445
End cycle #3446
End cycle #3447
End cycle #3448
End cycle #3449
End cycle #3450
End cycle #3451
End cycle #3452
End cycle #3453
End cycle #3454
End cycle #3455
End cycle #3456
End cycle #3457
End cycle #3458
End cycle #3459
End cycle #3460
End cycle #3461
End cycle #3462
End cycle #3463
End cycle #3464
End cycle #3465
End cycle #3466
End cycle #3467
End cycle #3468
End cycle #3469
End cycle #3470
End cycle #3471
End cycle #3472
End cycle #3473
End cycle #3474
End cycle #3475
End cycle #3476
End cycle #3477
End cycle #3478
End cycle #3479
End cycle #3480
End cycle #3481
End cycle #3482
End cycle #3483
End cycle #3484
End cycle #3485
End cycle #3486
End cycle #3487
End cycle #3488
End cycle #3489
End cycle #3490
End cycle #3491
End cycle #3492
End cycle #3493
End cycle #3494
End cycle #3495
End cycle #3496
End cycle #3497
End cycle #3498
End cycle #3499
End cycle #3500
End cycle #3501
End cycle #3502
End cycle #3503
End cycle #3504
End cycle #3505
End cycle #3506
End cycle #3507
End cycle #3508
End cycle #3509
End cycle #3510
End cycle #3511
End cycle #3512
End cycle #3513
End cycle #3514
End cycle #3515
End cycle #3516
End cycle #3517
End cycle #3518
End cycle #3519
End cycle #3520
End cycle #3521
End cycle #3522
End cycle #3523
End cycle #3524
End cycle #3525
End cycle #3526
End cycle #3527
End cycle #3528
End cycle #3529
End cycle #3530
End cycle #3531
End cycle #3532
End cycle #3533
End cycle #3534
End cycle #3535
End cycle #3536
End cycle #3537
End cycle #3538
End cycle #3539
End cycle #3540
End cycle #3541
End cycle #3542
End cycle #3543
End cycle #3544
End cycle #3545
End cycle #3546
End cycle #3547
End cycle #3548
End cycle #3549
End cycle #3550
End cycle #3551
End cycle #3552
End cycle #3553
End cycle #3554
End cycle #3555
End cycle #3556
End cycle #3557
End cycle #3558
End cycle #3559
End cycle #3560
End cycle #3561
End cycle #3562
End cycle #3563
End cycle #3564
End cycle #3565
End cycle #3566
End cycle #3567
End cycle #3568
End cycle #3569
End cycle #3570
End cycle #3571
End cycle #3572
End cycle #3573
End cycle #3574
End cycle #3575
End cycle #3576
End cycle #3577
End cycle #3578
End cycle #3579
End cycle #3580
End cycle #3581
End cycle #3582
End cycle #3583
End cycle #3584
End cycle #3585
End cycle #3586
End cycle #3587
End cycle #3588
End cycle #3589
End cycle #3590
End cycle #3591
End cycle #3592
End cycle #3593
End cycle #3594
End cycle #3595
End cycle #3596
End cycle #3597
End cycle #3598
End cycle #3599
End cycle #3600
End cycle #3601
End cycle #3602
End cycle #3603
End cycle #3604
End cycle #3605
End cycle #3606
End cycle #3607
End cycle #3608
End cycle #3609
End cycle #3610
End cycle #3611
End cycle #3612
End cycle #3613
End cycle #3614
End cycle #3615
End cycle #3616
End cycle #3617
End cycle #3618
End cycle #3619
End cycle #3620
End cycle #3621
End cycle #3622
End cycle #3623
End cycle #3624
End cycle #3625
End cycle #3626
End cycle #3627
End cycle #3628
End cycle #3629
End cycle #3630
End cycle #3631
End cycle #3632
End cycle #3633
End cycle #3634
End cycle #3635
End cycle #3636
End cycle #3637
End cycle #3638
End cycle #3639
End cycle #3640
End cycle #3641
End cycle #3642
End cycle #3643
End cycle #3644
End cycle #3645
End cycle #3646
End cycle #3647
End cycle #3648
End cycle #3649
End cycle #3650
End cycle #3651
End cycle #3652
End cycle #3653
End cycle #3654
End cycle #3655
End cycle #3656
End cycle #3657
End cycle #3658
End cycle #3659
End cycle #3660
End cycle #3661
End cycle #3662
End cycle #3663
End cycle #3664
End cycle #3665
End cycle #3666
End cycle #3667
End cycle #3668
End cycle #3669
End cycle #3670
End cycle #3671
End cycle #3672
End cycle #3673
End cycle #3674
End cycle #3675
End cycle #3676
End cycle #3677
End cycle #3678
End cycle #3679
End cycle #3680
End cycle #3681
End cycle #3682
End cycle #3683
End cycle #3684
End cycle #3685
End cycle #3686
End cycle #3687
End cycle #3688
End cycle #3689
End cycle #3690
End cycle #3691
End cycle #3692
End cycle #3693
End cycle #3694
End cycle #3695
End cycle #3696
End cycle #3697
End cycle #3698
End cycle #3699
End cycle #3700
End cycle #3701
End cycle #3702
End cycle #3703
End cycle #3704
End cycle #3705
End cycle #3706
End cycle #3707
End cycle #3708
End cycle #3709
End cycle #3710
End cycle #3711
End cycle #3712
End cycle #3713
End cycle #3714
End cycle #3715
End cycle #3716
End cycle #3717
End cycle #3718
End cycle #3719
End cycle #3720
End cycle #3721
End cycle #3722
End cycle #3723
End cycle #3724
End cycle #3725
End cycle #3726
End cycle #3727
End cycle #3728
End cycle #3729
End cycle #3730
End cycle #3731
End cycle #3732
End cycle #3733
End cycle #3734
End cycle #3735
End cycle #3736
End cycle #3737
End cycle #3738
End cycle #3739
End cycle #3740
End cycle #3741
End cycle #3742
End cycle #3743
End cycle #3744
End cycle #3745
End cycle #3746
End cycle #3747
End cycle #3748
End cycle #3749
End cycle #3750
End cycle #3751
End cycle #3752
End cycle #3753
End cycle #3754
End cycle #3755
End cycle #3756
End cycle #3757
End cycle #3758
End cycle #3759
End cycle #3760
End cycle #3761
End cycle #3762
End cycle #3763
End cycle #3764
End cycle #3765
End cycle #3766
End cycle #3767
End cycle #3768
End cycle #3769
End cycle #3770
End cycle #3771
End cycle #3772
End cycle #3773
End cycle #3774
End cycle #3775
End cycle #3776
End cycle #3777
End cycle #3778
End cycle #3779
End cycle #3780
End cycle #3781
End cycle #3782
End cycle #3783
End cycle #3784
End cycle #3785
End cycle #3786
End cycle #3787
End cycle #3788
End cycle #3789
End cycle #3790
End cycle #3791
End cycle #3792
End cycle #3793
End cycle #3794
End cycle #3795
End cycle #3796
End cycle #3797
End cycle #3798
End cycle #3799
End cycle #3800
End cycle #3801
End cycle #3802
End cycle #3803
End cycle #3804
End cycle #3805
End cycle #3806
End cycle #3807
End cycle #3808
End cycle #3809
End cycle #3810
End cycle #3811
End cycle #3812
End cycle #3813
End cycle #3814
End cycle #3815
End cycle #3816
End cycle #3817
End cycle #3818
End cycle #3819
End cycle #3820
End cycle #3821
End cycle #3822
End cycle #3823
End cycle #3824
End cycle #3825
End cycle #3826
End cycle #3827
End cycle #3828
End cycle #3829
End cycle #3830
End cycle #3831
End cycle #3832
End cycle #3833
End cycle #3834
End cycle #3835
End cycle #3836
End cycle #3837
End cycle #3838
End cycle #3839
End cycle #3840
End cycle #3841
End cycle #3842
End cycle #3843
End cycle #3844
End cycle #3845
End cycle #3846
End cycle #3847
End cycle #3848
End cycle #3849
End cycle #3850
End cycle #3851
End cycle #3852
End cycle #3853
End cycle #3854
End cycle #3855
End cycle #3856
End cycle #3857
End cycle #3858
End cycle #3859
End cycle #3860
End cycle #3861
End cycle #3862
End cycle #3863
End cycle #3864
End cycle #3865
End cycle #3866
End cycle #3867
End cycle #3868
End cycle #3869
End cycle #3870
End cycle #3871
End cycle #3872
End cycle #3873
End cycle #3874
End cycle #3875
End cycle #3876
End cycle #3877
End cycle #3878
End cycle #3879
End cycle #3880
End cycle #3881
End cycle #3882
End cycle #3883
End cycle #3884
End cycle #3885
End cycle #3886
End cycle #3887
End cycle #3888
End cycle #3889
End cycle #3890
End cycle #3891
End cycle #3892
End cycle #3893
End cycle #3894
End cycle #3895
End cycle #3896
End cycle #3897
End cycle #3898
End cycle #3899
End cycle #3900
End cycle #3901
End cycle #3902
End cycle #3903
End cycle #3904
End cycle #3905
End cycle #3906
End cycle #3907
End cycle #3908
End cycle #3909
End cycle #3910
End cycle #3911
End cycle #3912
End cycle #3913
End cycle #3914
End cycle #3915
End cycle #3916
End cycle #3917
End cycle #3918
End cycle #3919
End cycle #3920
End cycle #3921
End cycle #3922
End cycle #3923
End cycle #3924
End cycle #3925
End cycle #3926
End cycle #3927
End cycle #3928
End cycle #3929
End cycle #3930
End cycle #3931
End cycle #3932
End cycle #3933
End cycle #3934
End cycle #3935
End cycle #3936
End cycle #3937
End cycle #3938
End cycle #3939
End cycle #3940
End cycle #3941
End cycle #3942
End cycle #3943
End cycle #3944
End cycle #3945
End cycle #3946
End cycle #3947
End cycle #3948
End cycle #3949
End cycle #3950
End cycle #3951
End cycle #3952
End cycle #3953
End cycle #3954
End cycle #3955
End cycle #3956
End cycle #3957
End cycle #3958
End cycle #3959
End cycle #3960
End cycle #3961
End cycle #3962
End cycle #3963
End cycle #3964
End cycle #3965
End cycle #3966
End cycle #3967
End cycle #3968
End cycle #3969
End cycle #3970
End cycle #3971
End cycle #3972
End cycle #3973
End cycle #3974
End cycle #3975
End cycle #3976
End cycle #3977
End cycle #3978
End cycle #3979
End cycle #3980
End cycle #3981
End cycle #3982
End cycle #3983
End cycle #3984
End cycle #3985
End cycle #3986
End cycle #3987
End cycle #3988
End cycle #3989
End cycle #3990
End cycle #3991
End cycle #3992
End cycle #3993
End cycle #3994
End cycle #3995
End cycle #3996
End cycle #3997
End cycle #3998
End cycle #3999
End cycle #4000
End cycle #4001
End cycle #4002
End cycle #4003
End cycle #4004
End cycle #4005
End cycle #4006
End cycle #4007
End cycle #4008
End cycle #4009
End cycle #4010
End cycle #4011
End cycle #4012
End cycle #4013
End cycle #4014
End cycle #4015
End cycle #4016
End cycle #4017
End cycle #4018
End cycle #4019
End cycle #4020
End cycle #4021
End cycle #4022
End cycle #4023
End cycle #4024
End cycle #4025
End cycle #4026
End cycle #4027
End cycle #4028
End cycle #4029
End cycle #4030
End cycle #4031
End cycle #4032
End cycle #4033
End cycle #4034
End cycle #4035
End cycle #4036
End cycle #4037
End cycle #4038
End cycle #4039
End cycle #4040
End cycle #4041
End cycle #4042
End cycle #4043
End cycle #4044
End cycle #4045
End cycle #4046
End cycle #4047
End cycle #4048
End cycle #4049
End cycle #4050
End cycle #4051
End cycle #4052
End cycle #4053
End cycle #4054
End cycle #4055
End cycle #4056
End cycle #4057
End cycle #4058
End cycle #4059
End cycle #4060
End cycle #4061
End cycle #4062
End cycle #4063
End cycle #4064
End cycle #4065
End cycle #4066
End cycle #4067
End cycle #4068
End cycle #4069
End cycle #4070
End cycle #4071
End cycle #4072
End cycle #4073
End cycle #4074
End cycle #4075
End cycle #4076
End cycle #4077
End cycle #4078
End cycle #4079
End cycle #4080
End cycle #4081
End cycle #4082
End cycle #4083
End cycle #4084
End cycle #4085
End cycle #4086
End cycle #4087
End cycle #4088
End cycle #4089
End cycle #4090
End cycle #4091
End cycle #4092
End cycle #4093
End cycle #4094
End cycle #4095
End cycle #4096
End cycle #4097
End cycle #4098
End cycle #4099
End cycle #4100
End cycle #4101
End cycle #4102
End cycle #4103
End cycle #4104
End cycle #4105
End cycle #4106
End cycle #4107
End cycle #4108
End cycle #4109
End cycle #4110
End cycle #4111
End cycle #4112
End cycle #4113
End cycle #4114
End cycle #4115
End cycle #4116
End cycle #4117
End cycle #4118
End cycle #4119
End cycle #4120
End cycle #4121
End cycle #4122
End cycle #4123
End cycle #4124
End cycle #4125
End cycle #4126
End cycle #4127
End cycle #4128
End cycle #4129
End cycle #4130
End cycle #4131
End cycle #4132
End cycle #4133
End cycle #4134
End cycle #4135
End cycle #4136
End cycle #4137
End cycle #4138
End cycle #4139
End cycle #4140
End cycle #4141
End cycle #4142
End cycle #4143
End cycle #4144
End cycle #4145
End cycle #4146
End cycle #4147
End cycle #4148
End cycle #4149
End cycle #4150
End cycle #4151
End cycle #4152
End cycle #4153
End cycle #4154
End cycle #4155
End cycle #4156
End cycle #4157
End cycle #4158
End cycle #4159
End cycle #4160
End cycle #4161
End cycle #4162
End cycle #4163
End cycle #4164
End cycle #4165
End cycle #4166
End cycle #4167
End cycle #4168
End cycle #4169
End cycle #4170
End cycle #4171
End cycle #4172
End cycle #4173
End cycle #4174
End cycle #4175
End cycle #4176
End cycle #4177
End cycle #4178
End cycle #4179
End cycle #4180
End cycle #4181
End cycle #4182
End cycle #4183
End cycle #4184
End cycle #4185
End cycle #4186
End cycle #4187
End cycle #4188
End cycle #4189
End cycle #4190
End cycle #4191
End cycle #4192
End cycle #4193
End cycle #4194
End cycle #4195
End cycle #4196
End cycle #4197
End cycle #4198
End cycle #4199
End cycle #4200
End cycle #4201
End cycle #4202
End cycle #4203
End cycle #4204
End cycle #4205
End cycle #4206
End cycle #4207
End cycle #4208
End cycle #4209
End cycle #4210
End cycle #4211
End cycle #4212
End cycle #4213
End cycle #4214
End cycle #4215
End cycle #4216
End cycle #4217
End cycle #4218
End cycle #4219
End cycle #4220
End cycle #4221
End cycle #4222
End cycle #4223
End cycle #4224
End cycle #4225
End cycle #4226
End cycle #4227
End cycle #4228
End cycle #4229
End cycle #4230
End cycle #4231
End cycle #4232
End cycle #4233
End cycle #4234
End cycle #4235
End cycle #4236
End cycle #4237
End cycle #4238
End cycle #4239
End cycle #4240
End cycle #4241
End cycle #4242
End cycle #4243
End cycle #4244
End cycle #4245
End cycle #4246
End cycle #4247
End cycle #4248
End cycle #4249
End cycle #4250
End cycle #4251
End cycle #4252
End cycle #4253
End cycle #4254
End cycle #4255
End cycle #4256
End cycle #4257
End cycle #4258
End cycle #4259
End cycle #4260
End cycle #4261
End cycle #4262
End cycle #4263
End cycle #4264
End cycle #4265
End cycle #4266
End cycle #4267
End cycle #4268
End cycle #4269
End cycle #4270
End cycle #4271
End cycle #4272
End cycle #4273
End cycle #4274
End cycle #4275
End cycle #4276
End cycle #4277
End cycle #4278
End cycle #4279
End cycle #4280
End cycle #4281
End cycle #4282
End cycle #4283
End cycle #4284
End cycle #4285
End cycle #4286
End cycle #4287
End cycle #4288
End cycle #4289
End cycle #4290
End cycle #4291
End cycle #4292
End cycle #4293
End cycle #4294
End cycle #4295
End cycle #4296
End cycle #4297
End cycle #4298
End cycle #4299
End cycle #4300
End cycle #4301
End cycle #4302
End cycle #4303
End cycle #4304
End cycle #4305
End cycle #4306
End cycle #4307
End cycle #4308
End cycle #4309
End cycle #4310
End cycle #4311
End cycle #4312
End cycle #4313
End cycle #4314
End cycle #4315
End cycle #4316
End cycle #4317
End cycle #4318
End cycle #4319
End cycle #4320
End cycle #4321
End cycle #4322
End cycle #4323
End cycle #4324
End cycle #4325
End cycle #4326
End cycle #4327
End cycle #4328
End cycle #4329
End cycle #4330
End cycle #4331
End cycle #4332
End cycle #4333
End cycle #4334
End cycle #4335
End cycle #4336
End cycle #4337
End cycle #4338
End cycle #4339
End cycle #4340
End cycle #4341
End cycle #4342
End cycle #4343
End cycle #4344
End cycle #4345
End cycle #4346
End cycle #4347
End cycle #4348
End cycle #4349
End cycle #4350
End cycle #4351
End cycle #4352
End cycle #4353
End cycle #4354
End cycle #4355
End cycle #4356
End cycle #4357
End cycle #4358
End cycle #4359
End cycle #4360
End cycle #4361
End cycle #4362
End cycle #4363
End cycle #4364
End cycle #4365
End cycle #4366
End cycle #4367
End cycle #4368
End cycle #4369
End cycle #4370
End cycle #4371
End cycle #4372
End cycle #4373
End cycle #4374
End cycle #4375
End cycle #4376
End cycle #4377
End cycle #4378
End cycle #4379
End cycle #4380
End cycle #4381
End cycle #4382
End cycle #4383
End cycle #4384
End cycle #4385
End cycle #4386
End cycle #4387
End cycle #4388
End cycle #4389
End cycle #4390
End cycle #4391
End cycle #4392
End cycle #4393
End cycle #4394
End cycle #4395
End cycle #4396
End cycle #4397
End cycle #4398
End cycle #4399
End cycle #4400
End cycle #4401
End cycle #4402
End cycle #4403
End cycle #4404
End cycle #4405
End cycle #4406
End cycle #4407
End cycle #4408
End cycle #4409
End cycle #4410
End cycle #4411
End cycle #4412
End cycle #4413
End cycle #4414
End cycle #4415
End cycle #4416
End cycle #4417
End cycle #4418
End cycle #4419
End cycle #4420
End cycle #4421
End cycle #4422
End cycle #4423
End cycle #4424
End cycle #4425
End cycle #4426
End cycle #4427
End cycle #4428
End cycle #4429
End cycle #4430
End cycle #4431
End cycle #4432
End cycle #4433
End cycle #4434
End cycle #4435
End cycle #4436
End cycle #4437
End cycle #4438
End cycle #4439
End cycle #4440
End cycle #4441
End cycle #4442
End cycle #4443
End cycle #4444
End cycle #4445
End cycle #4446
End cycle #4447
End cycle #4448
End cycle #4449
End cycle #4450
End cycle #4451
End cycle #4452
End cycle #4453
End cycle #4454
End cycle #4455
End cycle #4456
End cycle #4457
End cycle #4458
End cycle #4459
End cycle #4460
End cycle #4461
End cycle #4462
End cycle #4463
End cycle #4464
End cycle #4465
End cycle #4466
End cycle #4467
End cycle #4468
End cycle #4469
End cycle #4470
End cycle #4471
End cycle #4472
End cycle #4473
End cycle #4474
End cycle #4475
End cycle #4476
End cycle #4477
End cycle #4478
End cycle #4479
End cycle #4480
End cycle #4481
End cycle #4482
End cycle #4483
End cycle #4484
End cycle #4485
End cycle #4486
End cycle #4487
End cycle #4488
End cycle #4489
End cycle #4490
End cycle #4491
End cycle #4492
End cycle #4493
End cycle #4494
End cycle #4495
End cycle #4496
End cycle #4497
End cycle #4498
End cycle #4499
End cycle #4500
End cycle #4501
End cycle #4502
End cycle #4503
End cycle #4504
End cycle #4505
End cycle #4506
End cycle #4507
End cycle #4508
End cycle #4509
End cycle #4510
End cycle #4511
End cycle #4512
End cycle #4513
End cycle #4514
End cycle #4515
End cycle #4516
End cycle #4517
End cycle #4518
End cycle #4519
End cycle #4520
End cycle #4521
End cycle #4522
End cycle #4523
End cycle #4524
End cycle #4525
End cycle #4526
End cycle #4527
End cycle #4528
End cycle #4529
End cycle #4530
End cycle #4531
End cycle #4532
End cycle #4533
End cycle #4534
End cycle #4535
End cycle #4536
End cycle #4537
End cycle #4538
End cycle #4539
End cycle #4540
End cycle #4541
End cycle #4542
End cycle #4543
End cycle #4544
End cycle #4545
End cycle #4546
End cycle #4547
End cycle #4548
End cycle #4549
End cycle #4550
End cycle #4551
End cycle #4552
End cycle #4553
End cycle #4554
End cycle #4555
End cycle #4556
End cycle #4557
End cycle #4558
End cycle #4559
End cycle #4560
End cycle #4561
End cycle #4562
End cycle #4563
End cycle #4564
End cycle #4565
End cycle #4566
End cycle #4567
End cycle #4568
End cycle #4569
End cycle #4570
End cycle #4571
End cycle #4572
End cycle #4573
End cycle #4574
End cycle #4575
End cycle #4576
End cycle #4577
End cycle #4578
End cycle #4579
End cycle #4580
End cycle #4581
End cycle #4582
End cycle #4583
End cycle #4584
End cycle #4585
End cycle #4586
End cycle #4587
End cycle #4588
End cycle #4589
End cycle #4590
End cycle #4591
End cycle #4592
End cycle #4593
End cycle #4594
End cycle #4595
End cycle #4596
End cycle #4597
End cycle #4598
End cycle #4599
End cycle #4600
End cycle #4601
End cycle #4602
End cycle #4603
End cycle #4604
End cycle #4605
End cycle #4606
End cycle #4607
End cycle #4608
End cycle #4609
End cycle #4610
End cycle #4611
End cycle #4612
End cycle #4613
End cycle #4614
End cycle #4615
End cycle #4616
End cycle #4617
End cycle #4618
End cycle #4619
End cycle #4620
End cycle #4621
End cycle #4622
End cycle #4623
End cycle #4624
End cycle #4625
End cycle #4626
End cycle #4627
End cycle #4628
End cycle #4629
End cycle #4630
End cycle #4631
End cycle #4632
End cycle #4633
End cycle #4634
End cycle #4635
End cycle #4636
End cycle #4637
End cycle #4638
End cycle #4639
End cycle #4640
End cycle #4641
End cycle #4642
End cycle #4643
End cycle #4644
End cycle #4645
End cycle #4646
End cycle #4647
End cycle #4648
End cycle #4649
End cycle #4650
End cycle #4651
End cycle #4652
End cycle #4653
End cycle #4654
End cycle #4655
End cycle #4656
End cycle #4657
End cycle #4658
End cycle #4659
End cycle #4660
End cycle #4661
End cycle #4662
End cycle #4663
End cycle #4664
End cycle #4665
End cycle #4666
End cycle #4667
End cycle #4668
End cycle #4669
End cycle #4670
End cycle #4671
End cycle #4672
End cycle #4673
End cycle #4674
End cycle #4675
End cycle #4676
End cycle #4677
End cycle #4678
End cycle #4679
End cycle #4680
End cycle #4681
End cycle #4682
End cycle #4683
End cycle #4684
End cycle #4685
End cycle #4686
End cycle #4687
End cycle #4688
End cycle #4689
End cycle #4690
End cycle #4691
End cycle #4692
End cycle #4693
End cycle #4694
End cycle #4695
End cycle #4696
End cycle #4697
End cycle #4698
End cycle #4699
End cycle #4700
End cycle #4701
End cycle #4702
End cycle #4703
End cycle #4704
End cycle #4705
End cycle #4706
End cycle #4707
End cycle #4708
End cycle #4709
End cycle #4710
End cycle #4711
End cycle #4712
End cycle #4713
End cycle #4714
End cycle #4715
End cycle #4716
End cycle #4717
End cycle #4718
End cycle #4719
End cycle #4720
End cycle #4721
End cycle #4722
End cycle #4723
End cycle #4724
End cycle #4725
End cycle #4726
End cycle #4727
End cycle #4728
End cycle #4729
End cycle #4730
End cycle #4731
End cycle #4732
End cycle #4733
End cycle #4734
End cycle #4735
End cycle #4736
End cycle #4737
End cycle #4738
End cycle #4739
End cycle #4740
End cycle #4741
End cycle #4742
End cycle #4743
End cycle #4744
End cycle #4745
End cycle #4746
End cycle #4747
End cycle #4748
End cycle #4749
End cycle #4750
End cycle #4751
End cycle #4752
End cycle #4753
End cycle #4754
End cycle #4755
End cycle #4756
End cycle #4757
End cycle #4758
End cycle #4759
End cycle #4760
End cycle #4761
End cycle #4762
End cycle #4763
End cycle #4764
End cycle #4765
End cycle #4766
End cycle #4767
End cycle #4768
End cycle #4769
End cycle #4770
End cycle #4771
End cycle #4772
End cycle #4773
End cycle #4774
End cycle #4775
End cycle #4776
End cycle #4777
End cycle #4778
End cycle #4779
End cycle #4780
End cycle #4781
End cycle #4782
End cycle #4783
End cycle #4784
End cycle #4785
End cycle #4786
End cycle #4787
End cycle #4788
End cycle #4789
End cycle #4790
End cycle #4791
End cycle #4792
End cycle #4793
End cycle #4794
End cycle #4795
End cycle #4796
End cycle #4797
End cycle #4798
End cycle #4799
End cycle #4800
End cycle #4801
End cycle #4802
End cycle #4803
End cycle #4804
End cycle #4805
End cycle #4806
End cycle #4807
End cycle #4808
End cycle #4809
End cycle #4810
End cycle #4811
End cycle #4812
End cycle #4813
End cycle #4814
End cycle #4815
End cycle #4816
End cycle #4817
End cycle #4818
End cycle #4819
End cycle #4820
End cycle #4821
End cycle #4822
End cycle #4823
End cycle #4824
End cycle #4825
End cycle #4826
End cycle #4827
End cycle #4828
End cycle #4829
End cycle #4830
End cycle #4831
End cycle #4832
End cycle #4833
End cycle #4834
End cycle #4835
End cycle #4836
End cycle #4837
End cycle #4838
End cycle #4839
End cycle #4840
End cycle #4841
End cycle #4842
End cycle #4843
End cycle #4844
End cycle #4845
End cycle #4846
End cycle #4847
End cycle #4848
End cycle #4849
End cycle #4850
End cycle #4851
End cycle #4852
End cycle #4853
End cycle #4854
End cycle #4855
End cycle #4856
End cycle #4857
End cycle #4858
End cycle #4859
End cycle #4860
End cycle #4861
End cycle #4862
End cycle #4863
End cycle #4864
End cycle #4865
End cycle #4866
End cycle #4867
End cycle #4868
End cycle #4869
End cycle #4870
End cycle #4871
End cycle #4872
End cycle #4873
End cycle #4874
End cycle #4875
End cycle #4876
End cycle #4877
End cycle #4878
End cycle #4879
End cycle #4880
End cycle #4881
End cycle #4882
End cycle #4883
End cycle #4884
End cycle #4885
End cycle #4886
End cycle #4887
End cycle #4888
End cycle #4889
End cycle #4890
End cycle #4891
End cycle #4892
End cycle #4893
End cycle #4894
End cycle #4895
End cycle #4896
End cycle #4897
End cycle #4898
End cycle #4899
End cycle #4900
End cycle #4901
End cycle #4902
End cycle #4903
End cycle #4904
End cycle #4905
End cycle #4906
End cycle #4907
End cycle #4908
End cycle #4909
End cycle #4910
End cycle #4911
End cycle #4912
End cycle #4913
End cycle #4914
End cycle #4915
End cycle #4916
End cycle #4917
End cycle #4918
End cycle #4919
End cycle #4920
End cycle #4921
End cycle #4922
End cycle #4923
End cycle #4924
End cycle #4925
End cycle #4926
End cycle #4927
End cycle #4928
End cycle #4929
End cycle #4930
End cycle #4931
End cycle #4932
End cycle #4933
End cycle #4934
End cycle #4935
End cycle #4936
End cycle #4937
End cycle #4938
End cycle #4939
End cycle #4940
End cycle #4941
End cycle #4942
End cycle #4943
End cycle #4944
End cycle #4945
End cycle #4946
End cycle #4947
End cycle #4948
End cycle #4949
End cycle #4950
End cycle #4951
End cycle #4952
End cycle #4953
End cycle #4954
End cycle #4955
End cycle #4956
End cycle #4957
End cycle #4958
End cycle #4959
End cycle #4960
End cycle #4961
End cycle #4962
End cycle #4963
End cycle #4964
End cycle #4965
End cycle #4966
End cycle #4967
End cycle #4968
End cycle #4969
End cycle #4970
End cycle #4971
End cycle #4972
End cycle #4973
End cycle #4974
End cycle #4975
End cycle #4976
End cycle #4977
End cycle #4978
End cycle #4979
End cycle #4980
End cycle #4981
End cycle #4982
End cycle #4983
End cycle #4984
End cycle #4985
End cycle #4986
End cycle #4987
End cycle #4988
End cycle #4989
End cycle #4990
End cycle #4991
End cycle #4992
End cycle #4993
End cycle #4994
End cycle #4995
End cycle #4996
End cycle #4997
End cycle #4998
End cycle #4999
End cycle #5000

Dump of Run Status
  Cycles completed:             5000
  Cycles to first solution:     31
  Time to first solution:       0.000000 seconds
  Unique compounds generated:   59863
  Total compounds generated:    84104
  Total subgoals generated:     72227

  Status file was saved
  Trace file was saved

  Cummulative times:
    Initialization:          0.3658
    Select next:           165.3475
    Expansion:            2016.8823
    Update:                 34.5593
    Cycle time:           2217.1045

    Communication:           0.0000
    Wait:                    0.0000
    Tuple wait:              0.0000

  Exit Condition:  Maximum cycles exceeded.

