Dump of RCB
  Directories:
    Available Compounds:   ./data/avlcomp
    Functional Groups:     ./data/fg
    Reaction KB:           ./data/rxnlib
    Paths:                 ./data/pfile
    Status:                ./data/status
    Submission:            ./data/submit
    Template:              ./data/template
    Trace:                 ./data/trace
    Force Selection:       ./data/select
    Search Space Cover:    ./data/cover
  User name:      kka
  Target name:    cubane2
  Target sling:   CH-1CCH-1CC/2~H-2H-1CC/5~H-2H-1CH-1/3-1/0/9~H
  Comment:        

  Date of run:    Thu Oct  8 12:37:25 2009
  Max cycles:       400       Max runtime:      120 minutes
  Restart:        disabled   Background:       disabled
  Tracing level:  1
  Effort Dist:    enabled       NTCL:           25
  Run type:  Sequential
End cycle #1
End cycle #2
End cycle #3
End cycle #4
End cycle #5
End cycle #6
End cycle #7
End cycle #8
End cycle #9
End cycle #10
End cycle #11
End cycle #12
End cycle #13
End cycle #14
End cycle #15
End cycle #16
End cycle #17
End cycle #18
End cycle #19
End cycle #20
End cycle #21
End cycle #22
End cycle #23
End cycle #24
End cycle #25
End cycle #26
End cycle #27
End cycle #28
End cycle #29
End cycle #30
End cycle #31
End cycle #32
End cycle #33
End cycle #34
End cycle #35
End cycle #36
End cycle #37
End cycle #38
End cycle #39
End cycle #40
End cycle #41
End cycle #42
End cycle #43
End cycle #44
End cycle #45
End cycle #46
End cycle #47
End cycle #48
End cycle #49
End cycle #50
End cycle #51
End cycle #52
End cycle #53
End cycle #54
End cycle #55
End cycle #56
End cycle #57
End cycle #58
End cycle #59
End cycle #60
End cycle #61
End cycle #62
End cycle #63
End cycle #64
End cycle #65
End cycle #66
End cycle #67
End cycle #68
End cycle #69
End cycle #70
End cycle #71
End cycle #72
End cycle #73
End cycle #74
End cycle #75
End cycle #76
End cycle #77
End cycle #78
End cycle #79
End cycle #80
End cycle #81
End cycle #82
End cycle #83
End cycle #84
End cycle #85
End cycle #86
End cycle #87
End cycle #88
End cycle #89
End cycle #90
End cycle #91
End cycle #92
End cycle #93
End cycle #94
End cycle #95
End cycle #96
End cycle #97
End cycle #98
End cycle #99
End cycle #100
End cycle #101
End cycle #102
End cycle #103
End cycle #104
End cycle #105
End cycle #106
End cycle #107
End cycle #108
End cycle #109
End cycle #110
End cycle #111
End cycle #112
End cycle #113
End cycle #114
End cycle #115
End cycle #116
End cycle #117
End cycle #118
End cycle #119
End cycle #120
End cycle #121
End cycle #122
End cycle #123
End cycle #124
End cycle #125
End cycle #126
End cycle #127
End cycle #128
End cycle #129
End cycle #130
End cycle #131
End cycle #132
End cycle #133
End cycle #134
End cycle #135
End cycle #136
End cycle #137
End cycle #138
End cycle #139
End cycle #140
End cycle #141
End cycle #142
End cycle #143
End cycle #144
End cycle #145
End cycle #146
End cycle #147
End cycle #148
End cycle #149
End cycle #150
End cycle #151
End cycle #152
End cycle #153
End cycle #154
End cycle #155
End cycle #156
End cycle #157
End cycle #158
End cycle #159
End cycle #160
End cycle #161
End cycle #162
End cycle #163
End cycle #164
End cycle #165
End cycle #166
End cycle #167
End cycle #168
End cycle #169
End cycle #170
End cycle #171
End cycle #172
End cycle #173
End cycle #174
End cycle #175
End cycle #176
End cycle #177
End cycle #178
End cycle #179
End cycle #180
End cycle #181
End cycle #182
End cycle #183
End cycle #184
End cycle #185
End cycle #186
End cycle #187
End cycle #188
End cycle #189
End cycle #190
End cycle #191
End cycle #192
End cycle #193
End cycle #194
End cycle #195
End cycle #196
End cycle #197
End cycle #198
End cycle #199
End cycle #200
End cycle #201
End cycle #202
End cycle #203
End cycle #204
End cycle #205
End cycle #206
End cycle #207
End cycle #208
End cycle #209
End cycle #210
End cycle #211
End cycle #212
End cycle #213
End cycle #214
End cycle #215
End cycle #216
End cycle #217
End cycle #218
End cycle #219
End cycle #220
End cycle #221
End cycle #222
End cycle #223
End cycle #224
End cycle #225
End cycle #226
End cycle #227
End cycle #228
End cycle #229
End cycle #230
End cycle #231
End cycle #232
End cycle #233
End cycle #234
End cycle #235
End cycle #236
End cycle #237
End cycle #238
End cycle #239
End cycle #240
End cycle #241
End cycle #242
End cycle #243
End cycle #244
End cycle #245
End cycle #246
End cycle #247
End cycle #248
End cycle #249
End cycle #250
End cycle #251
End cycle #252
End cycle #253
End cycle #254
End cycle #255
End cycle #256
End cycle #257
End cycle #258
End cycle #259
End cycle #260
End cycle #261
End cycle #262
End cycle #263
End cycle #264
End cycle #265
End cycle #266
End cycle #267
End cycle #268
End cycle #269
End cycle #270
End cycle #271
End cycle #272
End cycle #273
End cycle #274
End cycle #275
End cycle #276
End cycle #277
End cycle #278
End cycle #279
End cycle #280
End cycle #281
End cycle #282
End cycle #283
End cycle #284
End cycle #285
End cycle #286
End cycle #287
End cycle #288
End cycle #289
End cycle #290
End cycle #291
End cycle #292
End cycle #293
End cycle #294
End cycle #295
End cycle #296
End cycle #297
End cycle #298
End cycle #299
End cycle #300
End cycle #301
End cycle #302
End cycle #303
End cycle #304
End cycle #305
End cycle #306
End cycle #307
End cycle #308
End cycle #309
End cycle #310
End cycle #311
End cycle #312
End cycle #313
End cycle #314
End cycle #315
End cycle #316
End cycle #317
End cycle #318
End cycle #319
End cycle #320
End cycle #321
End cycle #322
End cycle #323
End cycle #324
End cycle #325
End cycle #326
End cycle #327
End cycle #328
End cycle #329
End cycle #330
End cycle #331
End cycle #332
End cycle #333
End cycle #334
End cycle #335
End cycle #336
End cycle #337
End cycle #338
End cycle #339
End cycle #340
End cycle #341
End cycle #342
End cycle #343
End cycle #344
End cycle #345
End cycle #346
End cycle #347
End cycle #348
End cycle #349
End cycle #350
End cycle #351
End cycle #352
End cycle #353
End cycle #354
End cycle #355
End cycle #356
End cycle #357
End cycle #358
End cycle #359
End cycle #360
End cycle #361
End cycle #362
End cycle #363
End cycle #364
End cycle #365
End cycle #366
End cycle #367
End cycle #368
End cycle #369
End cycle #370
End cycle #371
End cycle #372
End cycle #373
End cycle #374
End cycle #375
End cycle #376
End cycle #377
End cycle #378
End cycle #379
End cycle #380
End cycle #381
End cycle #382
End cycle #383
End cycle #384
End cycle #385
End cycle #386
End cycle #387
End cycle #388
End cycle #389
End cycle #390
End cycle #391
End cycle #392
End cycle #393
End cycle #394
End cycle #395
End cycle #396
End cycle #397
End cycle #398
End cycle #399
End cycle #400

Dump of Run Status
  Cycles completed:             400
  Cycles to first solution:     115
  Time to first solution:       0.000000 seconds
  Unique compounds generated:   6340
  Total compounds generated:    8142
  Total subgoals generated:     7448

  Status file was saved
  Trace file was saved

  Cummulative times:
    Initialization:          0.3312
    Select next:             1.7417
    Expansion:             120.8593
    Update:                  0.6045
    Cycle time:            123.2535

    Communication:           0.0000
    Wait:                    0.0000
    Tuple wait:              0.0000

  Exit Condition:  Maximum cycles exceeded.

