Dump of RCB
  Directories:
    Available Compounds:   ./data/avlcomp
    Functional Groups:     ./data/fg
    Reaction KB:           ./data/rxnlib
    Paths:                 ./data/pfile
    Status:                ./data/status
    Submission:            ./data/submit
    Template:              ./data/template
    Trace:                 ./data/trace
    Force Selection:       ./data/select
    Search Space Cover:    ./data/cover
  User name:      kka
  Target name:    cubane
  Target sling:   CH-1CCH-1CC/2~H-2H-1CC/5~H-2H-1CH-1/3-1/0/9~H
  Comment:        

  Date of run:    Wed Sep  2 12:39:24 2009
  Max cycles:      1000       Max runtime:      120 minutes
  Restart:        disabled   Background:       disabled
  Tracing level:  1
  Effort Dist:    enabled       NTCL:           25
  Run type:  Sequential
End cycle #1
End cycle #2
End cycle #3
End cycle #4
End cycle #5
End cycle #6
End cycle #7
End cycle #8
End cycle #9
End cycle #10
End cycle #11
End cycle #12
End cycle #13
End cycle #14
End cycle #15
End cycle #16
End cycle #17
End cycle #18
End cycle #19
End cycle #20
End cycle #21
End cycle #22
End cycle #23
End cycle #24
End cycle #25
End cycle #26
End cycle #27
End cycle #28
End cycle #29
End cycle #30
End cycle #31
End cycle #32
End cycle #33
End cycle #34
End cycle #35
End cycle #36
End cycle #37
End cycle #38
End cycle #39
End cycle #40
End cycle #41
End cycle #42
End cycle #43
End cycle #44
End cycle #45
End cycle #46
End cycle #47
End cycle #48
End cycle #49
End cycle #50
End cycle #51
End cycle #52
End cycle #53
End cycle #54
End cycle #55
End cycle #56
End cycle #57
End cycle #58
End cycle #59
End cycle #60
End cycle #61
End cycle #62
End cycle #63
End cycle #64
End cycle #65
End cycle #66
End cycle #67
End cycle #68
End cycle #69
End cycle #70
End cycle #71
End cycle #72
End cycle #73
End cycle #74
End cycle #75
End cycle #76
End cycle #77
End cycle #78
End cycle #79
End cycle #80
End cycle #81
End cycle #82
End cycle #83
End cycle #84
End cycle #85
End cycle #86
End cycle #87
End cycle #88
End cycle #89
End cycle #90
End cycle #91
End cycle #92
End cycle #93
End cycle #94
End cycle #95
End cycle #96
End cycle #97
End cycle #98
End cycle #99
End cycle #100
End cycle #101
End cycle #102
End cycle #103
End cycle #104
End cycle #105
End cycle #106
End cycle #107
End cycle #108
End cycle #109
End cycle #110
End cycle #111
End cycle #112
End cycle #113
End cycle #114
End cycle #115
End cycle #116
End cycle #117
End cycle #118
End cycle #119
End cycle #120
End cycle #121
End cycle #122
End cycle #123
End cycle #124
End cycle #125
End cycle #126
End cycle #127
End cycle #128
End cycle #129
End cycle #130
End cycle #131
End cycle #132
End cycle #133
End cycle #134
End cycle #135
End cycle #136
End cycle #137
End cycle #138
End cycle #139
End cycle #140
End cycle #141
End cycle #142
End cycle #143
End cycle #144
End cycle #145
End cycle #146
End cycle #147
End cycle #148
End cycle #149
End cycle #150
End cycle #151
End cycle #152
End cycle #153
End cycle #154
End cycle #155
End cycle #156
End cycle #157
End cycle #158
End cycle #159
End cycle #160
End cycle #161
End cycle #162
End cycle #163
End cycle #164
End cycle #165
End cycle #166
End cycle #167
End cycle #168
End cycle #169
End cycle #170
End cycle #171
End cycle #172
End cycle #173
End cycle #174
End cycle #175
End cycle #176
End cycle #177
End cycle #178
End cycle #179
End cycle #180
End cycle #181
End cycle #182
End cycle #183
End cycle #184
End cycle #185
End cycle #186
End cycle #187
End cycle #188
End cycle #189
End cycle #190
End cycle #191
End cycle #192
End cycle #193
End cycle #194
End cycle #195
End cycle #196
End cycle #197
End cycle #198
End cycle #199
End cycle #200
End cycle #201
End cycle #202
End cycle #203
End cycle #204
End cycle #205
End cycle #206
End cycle #207
End cycle #208
End cycle #209
End cycle #210
End cycle #211
End cycle #212
End cycle #213
End cycle #214
End cycle #215
End cycle #216
End cycle #217
End cycle #218
End cycle #219
End cycle #220
End cycle #221
End cycle #222
End cycle #223
End cycle #224
End cycle #225
End cycle #226
End cycle #227
End cycle #228
End cycle #229
End cycle #230
End cycle #231
End cycle #232
End cycle #233
End cycle #234
End cycle #235
End cycle #236
End cycle #237
End cycle #238
End cycle #239
End cycle #240
End cycle #241
End cycle #242
End cycle #243
End cycle #244
End cycle #245
End cycle #246
End cycle #247
End cycle #248
End cycle #249
End cycle #250
End cycle #251
End cycle #252
End cycle #253
End cycle #254
End cycle #255
End cycle #256
End cycle #257
End cycle #258
End cycle #259
End cycle #260
End cycle #261
End cycle #262
End cycle #263
End cycle #264
End cycle #265
End cycle #266
End cycle #267
End cycle #268
End cycle #269
End cycle #270
End cycle #271
End cycle #272
End cycle #273
End cycle #274
End cycle #275
End cycle #276
End cycle #277
End cycle #278
End cycle #279
End cycle #280
End cycle #281
End cycle #282
End cycle #283
End cycle #284
End cycle #285
End cycle #286
End cycle #287
End cycle #288
End cycle #289
End cycle #290
End cycle #291
End cycle #292
End cycle #293
End cycle #294
End cycle #295
End cycle #296
End cycle #297
End cycle #298
End cycle #299
End cycle #300
End cycle #301
End cycle #302
End cycle #303
End cycle #304
End cycle #305
End cycle #306
End cycle #307
End cycle #308
End cycle #309
End cycle #310
End cycle #311
End cycle #312
End cycle #313
End cycle #314
End cycle #315
End cycle #316
End cycle #317
End cycle #318
End cycle #319
End cycle #320
End cycle #321
End cycle #322
End cycle #323
End cycle #324
End cycle #325
End cycle #326
End cycle #327
End cycle #328
End cycle #329
End cycle #330
End cycle #331
End cycle #332
End cycle #333
End cycle #334
End cycle #335
End cycle #336
End cycle #337
End cycle #338
End cycle #339
End cycle #340
End cycle #341
End cycle #342
End cycle #343
End cycle #344
End cycle #345
End cycle #346
End cycle #347
End cycle #348
End cycle #349
End cycle #350
End cycle #351
End cycle #352
End cycle #353
End cycle #354
End cycle #355
End cycle #356
End cycle #357
End cycle #358
End cycle #359
End cycle #360
End cycle #361
End cycle #362
End cycle #363
End cycle #364
End cycle #365
End cycle #366
End cycle #367
End cycle #368
End cycle #369
End cycle #370
End cycle #371
End cycle #372
End cycle #373
End cycle #374
End cycle #375
End cycle #376
End cycle #377
End cycle #378
End cycle #379
End cycle #380
End cycle #381
End cycle #382
End cycle #383
End cycle #384
End cycle #385
End cycle #386
End cycle #387
End cycle #388
End cycle #389
End cycle #390
End cycle #391
End cycle #392
End cycle #393
End cycle #394
End cycle #395
End cycle #396
End cycle #397
End cycle #398
End cycle #399
End cycle #400
End cycle #401
End cycle #402
End cycle #403
End cycle #404
End cycle #405
End cycle #406
End cycle #407
End cycle #408
End cycle #409
End cycle #410
End cycle #411
End cycle #412
End cycle #413
End cycle #414
End cycle #415
End cycle #416
End cycle #417
End cycle #418
End cycle #419
End cycle #420
End cycle #421
End cycle #422
End cycle #423
End cycle #424
End cycle #425
End cycle #426
End cycle #427
End cycle #428
End cycle #429
End cycle #430
End cycle #431
End cycle #432
End cycle #433
End cycle #434
End cycle #435
End cycle #436
End cycle #437
End cycle #438
End cycle #439
End cycle #440
End cycle #441
End cycle #442
End cycle #443
End cycle #444
End cycle #445
End cycle #446
End cycle #447
End cycle #448
End cycle #449
End cycle #450
End cycle #451
End cycle #452
End cycle #453
End cycle #454
End cycle #455
End cycle #456
End cycle #457
End cycle #458
End cycle #459
End cycle #460
End cycle #461
End cycle #462
End cycle #463
End cycle #464
End cycle #465
End cycle #466
End cycle #467
End cycle #468
End cycle #469
End cycle #470
End cycle #471
End cycle #472
End cycle #473
End cycle #474
End cycle #475
End cycle #476
End cycle #477
End cycle #478
End cycle #479
End cycle #480
End cycle #481
End cycle #482
End cycle #483
End cycle #484
End cycle #485
End cycle #486
End cycle #487
End cycle #488
End cycle #489
End cycle #490
End cycle #491
End cycle #492
End cycle #493
End cycle #494
End cycle #495
End cycle #496
End cycle #497
End cycle #498
End cycle #499
End cycle #500
End cycle #501
End cycle #502
End cycle #503
End cycle #504
End cycle #505
End cycle #506
End cycle #507
End cycle #508
End cycle #509
End cycle #510
End cycle #511
End cycle #512
End cycle #513
End cycle #514
End cycle #515
End cycle #516
End cycle #517
End cycle #518
End cycle #519
End cycle #520
End cycle #521
End cycle #522
End cycle #523
End cycle #524
End cycle #525
End cycle #526
End cycle #527
End cycle #528
End cycle #529
End cycle #530
End cycle #531
End cycle #532
End cycle #533
End cycle #534
End cycle #535
End cycle #536
End cycle #537
End cycle #538
End cycle #539
End cycle #540
End cycle #541
End cycle #542
End cycle #543
End cycle #544
End cycle #545
End cycle #546
End cycle #547
End cycle #548
End cycle #549
End cycle #550
End cycle #551
End cycle #552
End cycle #553
End cycle #554
End cycle #555
End cycle #556
End cycle #557
End cycle #558
End cycle #559
End cycle #560
End cycle #561
End cycle #562
End cycle #563
End cycle #564
End cycle #565
End cycle #566
End cycle #567
End cycle #568
End cycle #569
End cycle #570
End cycle #571
End cycle #572
End cycle #573
End cycle #574
End cycle #575
End cycle #576
End cycle #577
End cycle #578
End cycle #579
End cycle #580
End cycle #581
End cycle #582
End cycle #583
End cycle #584
End cycle #585
End cycle #586
End cycle #587
End cycle #588
End cycle #589
End cycle #590
End cycle #591
End cycle #592
End cycle #593
End cycle #594
End cycle #595
End cycle #596
End cycle #597
End cycle #598
End cycle #599
End cycle #600
End cycle #601
End cycle #602
End cycle #603
End cycle #604
End cycle #605
End cycle #606
End cycle #607
End cycle #608
End cycle #609
End cycle #610
End cycle #611
End cycle #612
End cycle #613
End cycle #614
End cycle #615
End cycle #616
End cycle #617
End cycle #618
End cycle #619
End cycle #620
End cycle #621
End cycle #622
End cycle #623
End cycle #624
End cycle #625
End cycle #626
End cycle #627
End cycle #628
End cycle #629
End cycle #630
End cycle #631
End cycle #632
End cycle #633
End cycle #634
End cycle #635
End cycle #636
End cycle #637
End cycle #638
End cycle #639
End cycle #640
End cycle #641
End cycle #642
End cycle #643
End cycle #644
End cycle #645
End cycle #646
End cycle #647
End cycle #648
End cycle #649
End cycle #650
End cycle #651
End cycle #652
End cycle #653
End cycle #654
End cycle #655
End cycle #656
End cycle #657
End cycle #658
End cycle #659
End cycle #660
End cycle #661
End cycle #662
End cycle #663
End cycle #664
End cycle #665
End cycle #666
End cycle #667
End cycle #668
End cycle #669
End cycle #670
End cycle #671
End cycle #672
End cycle #673
End cycle #674
End cycle #675
End cycle #676
End cycle #677
End cycle #678
End cycle #679
End cycle #680
End cycle #681
End cycle #682
End cycle #683
End cycle #684
End cycle #685
End cycle #686
End cycle #687
End cycle #688
End cycle #689
End cycle #690
End cycle #691
End cycle #692
End cycle #693
End cycle #694
End cycle #695
End cycle #696
End cycle #697
End cycle #698
End cycle #699
End cycle #700
End cycle #701
End cycle #702
End cycle #703
End cycle #704
End cycle #705
End cycle #706
End cycle #707
End cycle #708
End cycle #709
End cycle #710
End cycle #711
End cycle #712
End cycle #713
End cycle #714
End cycle #715
End cycle #716
End cycle #717
End cycle #718
End cycle #719
End cycle #720
End cycle #721
End cycle #722
End cycle #723
End cycle #724
End cycle #725
End cycle #726
End cycle #727
End cycle #728
End cycle #729
End cycle #730
End cycle #731
End cycle #732
End cycle #733
End cycle #734
End cycle #735
End cycle #736
End cycle #737
End cycle #738
End cycle #739
End cycle #740
End cycle #741
End cycle #742
End cycle #743
End cycle #744
End cycle #745
End cycle #746
End cycle #747
End cycle #748
End cycle #749
End cycle #750
End cycle #751
End cycle #752
End cycle #753
End cycle #754
End cycle #755
End cycle #756
End cycle #757
End cycle #758
End cycle #759
End cycle #760
End cycle #761
End cycle #762
End cycle #763
End cycle #764
End cycle #765
End cycle #766
End cycle #767
End cycle #768
End cycle #769
End cycle #770
End cycle #771
End cycle #772
End cycle #773
End cycle #774
End cycle #775
End cycle #776
End cycle #777
End cycle #778
End cycle #779
End cycle #780
End cycle #781
End cycle #782
End cycle #783
End cycle #784
End cycle #785
End cycle #786
End cycle #787
End cycle #788
End cycle #789
End cycle #790
End cycle #791
End cycle #792
End cycle #793
End cycle #794
End cycle #795
End cycle #796
End cycle #797
End cycle #798
End cycle #799
End cycle #800
End cycle #801
End cycle #802
End cycle #803
End cycle #804
End cycle #805
End cycle #806
End cycle #807
End cycle #808
End cycle #809
End cycle #810
End cycle #811
End cycle #812
End cycle #813
End cycle #814
End cycle #815
End cycle #816
End cycle #817
End cycle #818
End cycle #819
End cycle #820
End cycle #821
End cycle #822
End cycle #823
End cycle #824
End cycle #825
End cycle #826
End cycle #827
End cycle #828
End cycle #829
End cycle #830
End cycle #831
End cycle #832
End cycle #833
End cycle #834
End cycle #835
End cycle #836
End cycle #837
End cycle #838
End cycle #839
End cycle #840
End cycle #841
End cycle #842
End cycle #843
End cycle #844
End cycle #845
End cycle #846
End cycle #847
End cycle #848
End cycle #849
End cycle #850
End cycle #851
End cycle #852
End cycle #853
End cycle #854
End cycle #855
End cycle #856
End cycle #857
End cycle #858
End cycle #859
End cycle #860
End cycle #861
End cycle #862
End cycle #863
End cycle #864
End cycle #865
End cycle #866
End cycle #867
End cycle #868
End cycle #869
End cycle #870
End cycle #871
End cycle #872
End cycle #873
End cycle #874
End cycle #875
End cycle #876
End cycle #877
End cycle #878
End cycle #879
End cycle #880
End cycle #881
End cycle #882
End cycle #883
End cycle #884
End cycle #885
End cycle #886
End cycle #887
End cycle #888
End cycle #889
End cycle #890
End cycle #891
End cycle #892
End cycle #893
End cycle #894
End cycle #895
End cycle #896
End cycle #897
End cycle #898
End cycle #899
End cycle #900
End cycle #901
End cycle #902
End cycle #903
End cycle #904
End cycle #905
End cycle #906
End cycle #907
End cycle #908
End cycle #909
End cycle #910
End cycle #911
End cycle #912
End cycle #913
End cycle #914
End cycle #915
End cycle #916
End cycle #917
End cycle #918
End cycle #919
End cycle #920
End cycle #921
End cycle #922
End cycle #923
End cycle #924
End cycle #925
End cycle #926
End cycle #927
End cycle #928
End cycle #929
End cycle #930
End cycle #931
End cycle #932
End cycle #933
End cycle #934
End cycle #935
End cycle #936
End cycle #937
End cycle #938
End cycle #939
End cycle #940
End cycle #941
End cycle #942
End cycle #943
End cycle #944
End cycle #945
End cycle #946
End cycle #947
End cycle #948
End cycle #949
End cycle #950
End cycle #951
End cycle #952
End cycle #953
End cycle #954
End cycle #955
End cycle #956
End cycle #957
End cycle #958
End cycle #959
End cycle #960
End cycle #961
End cycle #962
End cycle #963
End cycle #964
End cycle #965
End cycle #966
End cycle #967
End cycle #968
End cycle #969
End cycle #970
End cycle #971
End cycle #972
End cycle #973
End cycle #974
End cycle #975
End cycle #976
End cycle #977
End cycle #978
End cycle #979
End cycle #980
End cycle #981
End cycle #982
End cycle #983
End cycle #984
End cycle #985
End cycle #986
End cycle #987
End cycle #988
End cycle #989
End cycle #990
End cycle #991
End cycle #992
End cycle #993
End cycle #994
End cycle #995
End cycle #996
End cycle #997
End cycle #998
End cycle #999
End cycle #1000

Dump of Run Status
  Cycles completed:             1000
  Cycles to first solution:     116
  Time to first solution:       0.000000 seconds
  Unique compounds generated:   15141
  Total compounds generated:    20004
  Total subgoals generated:     17997

  Status file was saved
  Trace file was saved

  Cummulative times:
    Initialization:          0.6720
    Select next:             8.4733
    Expansion:             272.0337
    Update:                  2.6165
    Cycle time:            283.2164

    Communication:           0.0000
    Wait:                    0.0000
    Tuple wait:              0.0000

  Exit Condition:  Maximum cycles exceeded.

